/home/swati/.local/lib/python3.10/site-packages/setuptools/_distutils/dist.py:261: UserWarning: Unknown distribution option: 'tests_require'
  warnings.warn(msg)
running egg_info
creating ../build/vd_global_planner/vd_global_planner.egg-info
writing ../build/vd_global_planner/vd_global_planner.egg-info/PKG-INFO
writing dependency_links to ../build/vd_global_planner/vd_global_planner.egg-info/dependency_links.txt
writing entry points to ../build/vd_global_planner/vd_global_planner.egg-info/entry_points.txt
writing requirements to ../build/vd_global_planner/vd_global_planner.egg-info/requires.txt
writing top-level names to ../build/vd_global_planner/vd_global_planner.egg-info/top_level.txt
writing manifest file '../build/vd_global_planner/vd_global_planner.egg-info/SOURCES.txt'
reading manifest file '../build/vd_global_planner/vd_global_planner.egg-info/SOURCES.txt'
adding license file 'LICENSE'
writing manifest file '../build/vd_global_planner/vd_global_planner.egg-info/SOURCES.txt'
running build
running build_py
creating /home/swati/Motion_Planning/MP_for_AV/src/MP_for_AV/build/vd_global_planner/build/lib/vd_global_planner
copying vd_global_planner/a_star_node.py -> /home/swati/Motion_Planning/MP_for_AV/src/MP_for_AV/build/vd_global_planner/build/lib/vd_global_planner
copying vd_global_planner/a_star.py -> /home/swati/Motion_Planning/MP_for_AV/src/MP_for_AV/build/vd_global_planner/build/lib/vd_global_planner
copying vd_global_planner/__init__.py -> /home/swati/Motion_Planning/MP_for_AV/src/MP_for_AV/build/vd_global_planner/build/lib/vd_global_planner
running install
running install_lib
creating /home/swati/Motion_Planning/MP_for_AV/src/MP_for_AV/install/vd_global_planner/lib/python3.10/site-packages/vd_global_planner
copying /home/swati/Motion_Planning/MP_for_AV/src/MP_for_AV/build/vd_global_planner/build/lib/vd_global_planner/a_star_node.py -> /home/swati/Motion_Planning/MP_for_AV/src/MP_for_AV/install/vd_global_planner/lib/python3.10/site-packages/vd_global_planner
copying /home/swati/Motion_Planning/MP_for_AV/src/MP_for_AV/build/vd_global_planner/build/lib/vd_global_planner/a_star.py -> /home/swati/Motion_Planning/MP_for_AV/src/MP_for_AV/install/vd_global_planner/lib/python3.10/site-packages/vd_global_planner
copying /home/swati/Motion_Planning/MP_for_AV/src/MP_for_AV/build/vd_global_planner/build/lib/vd_global_planner/__init__.py -> /home/swati/Motion_Planning/MP_for_AV/src/MP_for_AV/install/vd_global_planner/lib/python3.10/site-packages/vd_global_planner
byte-compiling /home/swati/Motion_Planning/MP_for_AV/src/MP_for_AV/install/vd_global_planner/lib/python3.10/site-packages/vd_global_planner/a_star_node.py to a_star_node.cpython-310.pyc
byte-compiling /home/swati/Motion_Planning/MP_for_AV/src/MP_for_AV/install/vd_global_planner/lib/python3.10/site-packages/vd_global_planner/a_star.py to a_star.cpython-310.pyc
byte-compiling /home/swati/Motion_Planning/MP_for_AV/src/MP_for_AV/install/vd_global_planner/lib/python3.10/site-packages/vd_global_planner/__init__.py to __init__.cpython-310.pyc
running install_data
creating /home/swati/Motion_Planning/MP_for_AV/src/MP_for_AV/install/vd_global_planner/share/ament_index/resource_index/packages
copying resource/vd_global_planner -> /home/swati/Motion_Planning/MP_for_AV/src/MP_for_AV/install/vd_global_planner/share/ament_index/resource_index/packages
copying package.xml -> /home/swati/Motion_Planning/MP_for_AV/src/MP_for_AV/install/vd_global_planner/share/vd_global_planner
creating /home/swati/Motion_Planning/MP_for_AV/src/MP_for_AV/install/vd_global_planner/share/vd_global_planner/launch
copying launch/sim_launch.py -> /home/swati/Motion_Planning/MP_for_AV/src/MP_for_AV/install/vd_global_planner/share/vd_global_planner/launch
running install_egg_info
Copying ../build/vd_global_planner/vd_global_planner.egg-info to /home/swati/Motion_Planning/MP_for_AV/src/MP_for_AV/install/vd_global_planner/lib/python3.10/site-packages/vd_global_planner-0.0.0-py3.10.egg-info
running install_scripts
Installing vd_golbal_planner script to /home/swati/Motion_Planning/MP_for_AV/src/MP_for_AV/install/vd_global_planner/lib/vd_global_planner
writing list of installed files to '/home/swati/Motion_Planning/MP_for_AV/src/MP_for_AV/build/vd_global_planner/install.log'
