[1.160s] Invoking command in '/home/swati/Motion_Planning/MP_for_AV/src/MP_for_AV/vd_global_planner': PYTHONPATH=/home/swati/Motion_Planning/MP_for_AV/src/MP_for_AV/build/vd_global_planner/prefix_override:/usr/lib/python3/dist-packages/colcon_core/task/python/colcon_distutils_commands:/home/swati/Motion_Planning/MP_for_AV/src/MP_for_AV/install/vd_global_planner/lib/python3.10/site-packages:${PYTHONPATH} /usr/bin/python3 -W ignore:setup.py install is deprecated setup.py egg_info --egg-base ../build/vd_global_planner build --build-base /home/swati/Motion_Planning/MP_for_AV/src/MP_for_AV/build/vd_global_planner/build install --record /home/swati/Motion_Planning/MP_for_AV/src/MP_for_AV/build/vd_global_planner/install.log --single-version-externally-managed install_data
[1.273s] /home/swati/.local/lib/python3.10/site-packages/setuptools/_distutils/dist.py:261: UserWarning: Unknown distribution option: 'tests_require'
[1.273s]   warnings.warn(msg)
[1.355s] running egg_info
[1.365s] creating ../build/vd_global_planner/vd_global_planner.egg-info
[1.365s] writing ../build/vd_global_planner/vd_global_planner.egg-info/PKG-INFO
[1.365s] writing dependency_links to ../build/vd_global_planner/vd_global_planner.egg-info/dependency_links.txt
[1.366s] writing entry points to ../build/vd_global_planner/vd_global_planner.egg-info/entry_points.txt
[1.366s] writing requirements to ../build/vd_global_planner/vd_global_planner.egg-info/requires.txt
[1.366s] writing top-level names to ../build/vd_global_planner/vd_global_planner.egg-info/top_level.txt
[1.366s] writing manifest file '../build/vd_global_planner/vd_global_planner.egg-info/SOURCES.txt'
[1.398s] reading manifest file '../build/vd_global_planner/vd_global_planner.egg-info/SOURCES.txt'
[1.398s] adding license file 'LICENSE'
[1.399s] writing manifest file '../build/vd_global_planner/vd_global_planner.egg-info/SOURCES.txt'
[1.399s] running build
[1.399s] running build_py
[1.399s] creating /home/swati/Motion_Planning/MP_for_AV/src/MP_for_AV/build/vd_global_planner/build/lib/vd_global_planner
[1.399s] copying vd_global_planner/a_star_node.py -> /home/swati/Motion_Planning/MP_for_AV/src/MP_for_AV/build/vd_global_planner/build/lib/vd_global_planner
[1.400s] copying vd_global_planner/a_star.py -> /home/swati/Motion_Planning/MP_for_AV/src/MP_for_AV/build/vd_global_planner/build/lib/vd_global_planner
[1.400s] copying vd_global_planner/__init__.py -> /home/swati/Motion_Planning/MP_for_AV/src/MP_for_AV/build/vd_global_planner/build/lib/vd_global_planner
[1.400s] running install
[1.403s] running install_lib
[1.414s] creating /home/swati/Motion_Planning/MP_for_AV/src/MP_for_AV/install/vd_global_planner/lib/python3.10/site-packages/vd_global_planner
[1.414s] copying /home/swati/Motion_Planning/MP_for_AV/src/MP_for_AV/build/vd_global_planner/build/lib/vd_global_planner/a_star_node.py -> /home/swati/Motion_Planning/MP_for_AV/src/MP_for_AV/install/vd_global_planner/lib/python3.10/site-packages/vd_global_planner
[1.414s] copying /home/swati/Motion_Planning/MP_for_AV/src/MP_for_AV/build/vd_global_planner/build/lib/vd_global_planner/a_star.py -> /home/swati/Motion_Planning/MP_for_AV/src/MP_for_AV/install/vd_global_planner/lib/python3.10/site-packages/vd_global_planner
[1.414s] copying /home/swati/Motion_Planning/MP_for_AV/src/MP_for_AV/build/vd_global_planner/build/lib/vd_global_planner/__init__.py -> /home/swati/Motion_Planning/MP_for_AV/src/MP_for_AV/install/vd_global_planner/lib/python3.10/site-packages/vd_global_planner
[1.414s] byte-compiling /home/swati/Motion_Planning/MP_for_AV/src/MP_for_AV/install/vd_global_planner/lib/python3.10/site-packages/vd_global_planner/a_star_node.py to a_star_node.cpython-310.pyc
[1.416s] byte-compiling /home/swati/Motion_Planning/MP_for_AV/src/MP_for_AV/install/vd_global_planner/lib/python3.10/site-packages/vd_global_planner/a_star.py to a_star.cpython-310.pyc
[1.416s] byte-compiling /home/swati/Motion_Planning/MP_for_AV/src/MP_for_AV/install/vd_global_planner/lib/python3.10/site-packages/vd_global_planner/__init__.py to __init__.cpython-310.pyc
[1.417s] running install_data
[1.417s] creating /home/swati/Motion_Planning/MP_for_AV/src/MP_for_AV/install/vd_global_planner/share/ament_index/resource_index/packages
[1.417s] copying resource/vd_global_planner -> /home/swati/Motion_Planning/MP_for_AV/src/MP_for_AV/install/vd_global_planner/share/ament_index/resource_index/packages
[1.417s] copying package.xml -> /home/swati/Motion_Planning/MP_for_AV/src/MP_for_AV/install/vd_global_planner/share/vd_global_planner
[1.417s] creating /home/swati/Motion_Planning/MP_for_AV/src/MP_for_AV/install/vd_global_planner/share/vd_global_planner/launch
[1.417s] copying launch/sim_launch.py -> /home/swati/Motion_Planning/MP_for_AV/src/MP_for_AV/install/vd_global_planner/share/vd_global_planner/launch
[1.417s] running install_egg_info
[1.429s] Copying ../build/vd_global_planner/vd_global_planner.egg-info to /home/swati/Motion_Planning/MP_for_AV/src/MP_for_AV/install/vd_global_planner/lib/python3.10/site-packages/vd_global_planner-0.0.0-py3.10.egg-info
[1.429s] running install_scripts
[1.517s] Installing vd_golbal_planner script to /home/swati/Motion_Planning/MP_for_AV/src/MP_for_AV/install/vd_global_planner/lib/vd_global_planner
[1.517s] writing list of installed files to '/home/swati/Motion_Planning/MP_for_AV/src/MP_for_AV/build/vd_global_planner/install.log'
[1.540s] Invoked command in '/home/swati/Motion_Planning/MP_for_AV/src/MP_for_AV/vd_global_planner' returned '0': PYTHONPATH=/home/swati/Motion_Planning/MP_for_AV/src/MP_for_AV/build/vd_global_planner/prefix_override:/usr/lib/python3/dist-packages/colcon_core/task/python/colcon_distutils_commands:/home/swati/Motion_Planning/MP_for_AV/src/MP_for_AV/install/vd_global_planner/lib/python3.10/site-packages:${PYTHONPATH} /usr/bin/python3 -W ignore:setup.py install is deprecated setup.py egg_info --egg-base ../build/vd_global_planner build --build-base /home/swati/Motion_Planning/MP_for_AV/src/MP_for_AV/build/vd_global_planner/build install --record /home/swati/Motion_Planning/MP_for_AV/src/MP_for_AV/build/vd_global_planner/install.log --single-version-externally-managed install_data
