/home/swati/.local/lib/python3.10/site-packages/setuptools/_distutils/dist.py:261: UserWarning: Unknown distribution option: 'tests_require'
  warnings.warn(msg)
running egg_info
creating ../build/vd_data_saver/vd_data_saver.egg-info
writing ../build/vd_data_saver/vd_data_saver.egg-info/PKG-INFO
writing dependency_links to ../build/vd_data_saver/vd_data_saver.egg-info/dependency_links.txt
writing entry points to ../build/vd_data_saver/vd_data_saver.egg-info/entry_points.txt
writing requirements to ../build/vd_data_saver/vd_data_saver.egg-info/requires.txt
writing top-level names to ../build/vd_data_saver/vd_data_saver.egg-info/top_level.txt
writing manifest file '../build/vd_data_saver/vd_data_saver.egg-info/SOURCES.txt'
reading manifest file '../build/vd_data_saver/vd_data_saver.egg-info/SOURCES.txt'
adding license file 'LICENSE'
writing manifest file '../build/vd_data_saver/vd_data_saver.egg-info/SOURCES.txt'
running build
running build_py
creating /home/swati/Motion_Planning/MP_for_AV/src/MP_for_AV/build/vd_data_saver/build/lib/vd_data_saver
copying vd_data_saver/plot_graphs.py -> /home/swati/Motion_Planning/MP_for_AV/src/MP_for_AV/build/vd_data_saver/build/lib/vd_data_saver
copying vd_data_saver/data_saver_node.py -> /home/swati/Motion_Planning/MP_for_AV/src/MP_for_AV/build/vd_data_saver/build/lib/vd_data_saver
copying vd_data_saver/__init__.py -> /home/swati/Motion_Planning/MP_for_AV/src/MP_for_AV/build/vd_data_saver/build/lib/vd_data_saver
running install
running install_lib
creating /home/swati/Motion_Planning/MP_for_AV/src/MP_for_AV/install/vd_data_saver/lib/python3.10/site-packages/vd_data_saver
copying /home/swati/Motion_Planning/MP_for_AV/src/MP_for_AV/build/vd_data_saver/build/lib/vd_data_saver/plot_graphs.py -> /home/swati/Motion_Planning/MP_for_AV/src/MP_for_AV/install/vd_data_saver/lib/python3.10/site-packages/vd_data_saver
copying /home/swati/Motion_Planning/MP_for_AV/src/MP_for_AV/build/vd_data_saver/build/lib/vd_data_saver/data_saver_node.py -> /home/swati/Motion_Planning/MP_for_AV/src/MP_for_AV/install/vd_data_saver/lib/python3.10/site-packages/vd_data_saver
copying /home/swati/Motion_Planning/MP_for_AV/src/MP_for_AV/build/vd_data_saver/build/lib/vd_data_saver/__init__.py -> /home/swati/Motion_Planning/MP_for_AV/src/MP_for_AV/install/vd_data_saver/lib/python3.10/site-packages/vd_data_saver
byte-compiling /home/swati/Motion_Planning/MP_for_AV/src/MP_for_AV/install/vd_data_saver/lib/python3.10/site-packages/vd_data_saver/plot_graphs.py to plot_graphs.cpython-310.pyc
byte-compiling /home/swati/Motion_Planning/MP_for_AV/src/MP_for_AV/install/vd_data_saver/lib/python3.10/site-packages/vd_data_saver/data_saver_node.py to data_saver_node.cpython-310.pyc
byte-compiling /home/swati/Motion_Planning/MP_for_AV/src/MP_for_AV/install/vd_data_saver/lib/python3.10/site-packages/vd_data_saver/__init__.py to __init__.cpython-310.pyc
running install_data
creating /home/swati/Motion_Planning/MP_for_AV/src/MP_for_AV/install/vd_data_saver/share/ament_index/resource_index/packages
copying resource/vd_data_saver -> /home/swati/Motion_Planning/MP_for_AV/src/MP_for_AV/install/vd_data_saver/share/ament_index/resource_index/packages
copying package.xml -> /home/swati/Motion_Planning/MP_for_AV/src/MP_for_AV/install/vd_data_saver/share/vd_data_saver
running install_egg_info
Copying ../build/vd_data_saver/vd_data_saver.egg-info to /home/swati/Motion_Planning/MP_for_AV/src/MP_for_AV/install/vd_data_saver/lib/python3.10/site-packages/vd_data_saver-0.0.0-py3.10.egg-info
running install_scripts
Installing data_saver_node script to /home/swati/Motion_Planning/MP_for_AV/src/MP_for_AV/install/vd_data_saver/lib/vd_data_saver
writing list of installed files to '/home/swati/Motion_Planning/MP_for_AV/src/MP_for_AV/build/vd_data_saver/install.log'
