/home/swati/.local/lib/python3.10/site-packages/setuptools/_distutils/dist.py:261: UserWarning: Unknown distribution option: 'tests_require'
  warnings.warn(msg)
running egg_info
creating ../build/vd_cmd_sender/vd_cmd_sender.egg-info
writing ../build/vd_cmd_sender/vd_cmd_sender.egg-info/PKG-INFO
writing dependency_links to ../build/vd_cmd_sender/vd_cmd_sender.egg-info/dependency_links.txt
writing requirements to ../build/vd_cmd_sender/vd_cmd_sender.egg-info/requires.txt
writing top-level names to ../build/vd_cmd_sender/vd_cmd_sender.egg-info/top_level.txt
writing manifest file '../build/vd_cmd_sender/vd_cmd_sender.egg-info/SOURCES.txt'
reading manifest file '../build/vd_cmd_sender/vd_cmd_sender.egg-info/SOURCES.txt'
adding license file 'LICENSE'
writing manifest file '../build/vd_cmd_sender/vd_cmd_sender.egg-info/SOURCES.txt'
running build
running build_py
creating /home/swati/Motion_Planning/MP_for_AV/src/MP_for_AV/build/vd_cmd_sender/build/lib/vd_cmd_sender
copying vd_cmd_sender/__init__.py -> /home/swati/Motion_Planning/MP_for_AV/src/MP_for_AV/build/vd_cmd_sender/build/lib/vd_cmd_sender
running install
running install_lib
creating /home/swati/Motion_Planning/MP_for_AV/src/MP_for_AV/install/vd_cmd_sender/lib/python3.10/site-packages/vd_cmd_sender
copying /home/swati/Motion_Planning/MP_for_AV/src/MP_for_AV/build/vd_cmd_sender/build/lib/vd_cmd_sender/__init__.py -> /home/swati/Motion_Planning/MP_for_AV/src/MP_for_AV/install/vd_cmd_sender/lib/python3.10/site-packages/vd_cmd_sender
byte-compiling /home/swati/Motion_Planning/MP_for_AV/src/MP_for_AV/install/vd_cmd_sender/lib/python3.10/site-packages/vd_cmd_sender/__init__.py to __init__.cpython-310.pyc
running install_data
creating /home/swati/Motion_Planning/MP_for_AV/src/MP_for_AV/install/vd_cmd_sender/share/ament_index/resource_index/packages
copying resource/vd_cmd_sender -> /home/swati/Motion_Planning/MP_for_AV/src/MP_for_AV/install/vd_cmd_sender/share/ament_index/resource_index/packages
copying package.xml -> /home/swati/Motion_Planning/MP_for_AV/src/MP_for_AV/install/vd_cmd_sender/share/vd_cmd_sender
running install_egg_info
Copying ../build/vd_cmd_sender/vd_cmd_sender.egg-info to /home/swati/Motion_Planning/MP_for_AV/src/MP_for_AV/install/vd_cmd_sender/lib/python3.10/site-packages/vd_cmd_sender-0.0.0-py3.10.egg-info
running install_scripts
writing list of installed files to '/home/swati/Motion_Planning/MP_for_AV/src/MP_for_AV/build/vd_cmd_sender/install.log'
