[0.020s] Invoking command in '/home/swati/Motion_Planning/MP_for_AV/src/MP_for_AV/build/vd_msgs': CMAKE_PREFIX_PATH=${CMAKE_PREFIX_PATH}:/home/swati/Motion_Planning/MP_for_AV/install/vd_global_planner:/home/swati/Motion_Planning/MP_for_AV/install/vd_data_saver:/home/swati/Motion_Planning/MP_for_AV/install/vd_config:/home/swati/Motion_Planning/MP_for_AV/install/vd_cmd_sender:/opt/ros/humble /opt/cmake-3.28.3-linux-x86_64/bin/cmake /home/swati/Motion_Planning/MP_for_AV/src/MP_for_AV/vd_msgs -DCMAKE_INSTALL_PREFIX=/home/swati/Motion_Planning/MP_for_AV/src/MP_for_AV/install/vd_msgs
[0.556s] -- The C compiler identification is GNU 11.4.0
[0.556s] -- The CXX compiler identification is GNU 11.4.0
[0.556s] -- Detecting C compiler ABI info
[0.557s] -- Detecting C compiler ABI info - done
[0.557s] -- Check for working C compiler: /usr/bin/cc - skipped
[0.557s] -- Detecting C compile features
[0.557s] -- Detecting C compile features - done
[0.557s] -- Detecting CXX compiler ABI info
[0.557s] -- Detecting CXX compiler ABI info - done
[0.557s] -- Check for working CXX compiler: /usr/bin/c++ - skipped
[0.557s] -- Detecting CXX compile features
[0.557s] -- Detecting CXX compile features - done
[0.557s] -- Found ament_cmake: 1.3.10 (/opt/ros/humble/share/ament_cmake/cmake)
[0.557s] -- Found Python3: /usr/bin/python3 (found version "3.10.12") found components: Interpreter 
[0.557s] -- Found std_msgs: 4.2.4 (/opt/ros/humble/share/std_msgs/cmake)
[0.557s] -- Found rosidl_generator_c: 3.1.5 (/opt/ros/humble/share/rosidl_generator_c/cmake)
[0.558s] -- Found rosidl_adapter: 3.1.5 (/opt/ros/humble/share/rosidl_adapter/cmake)
[0.566s] -- Found rosidl_generator_cpp: 3.1.5 (/opt/ros/humble/share/rosidl_generator_cpp/cmake)
[0.579s] -- Using all available rosidl_typesupport_c: rosidl_typesupport_fastrtps_c;rosidl_typesupport_introspection_c
[0.595s] -- Using all available rosidl_typesupport_cpp: rosidl_typesupport_fastrtps_cpp;rosidl_typesupport_introspection_cpp
[0.621s] -- Found rosidl_default_generators: 1.2.0 (/opt/ros/humble/share/rosidl_default_generators/cmake)
[1.109s] -- Found ament_cmake_ros: 0.10.0 (/opt/ros/humble/share/ament_cmake_ros/cmake)
[1.899s] -- Using all available rosidl_typesupport_c: rosidl_typesupport_fastrtps_c;rosidl_typesupport_introspection_c
[2.215s] -- Using all available rosidl_typesupport_cpp: rosidl_typesupport_fastrtps_cpp;rosidl_typesupport_introspection_cpp
[2.226s] [33mCMake Warning (dev) at /opt/ros/humble/share/rosidl_generator_py/cmake/rosidl_generator_py_generate_interfaces.cmake:20 (find_package):
[2.226s]   Policy CMP0148 is not set: The FindPythonInterp and FindPythonLibs modules
[2.226s]   are removed.  Run "cmake --help-policy CMP0148" for policy details.  Use
[2.226s]   the cmake_policy command to set the policy and suppress this warning.
[2.226s] 
[2.226s] Call Stack (most recent call first):
[2.226s]   /opt/ros/humble/share/ament_cmake_core/cmake/core/ament_execute_extensions.cmake:48 (include)
[2.226s]   /opt/ros/humble/share/rosidl_cmake/cmake/rosidl_generate_interfaces.cmake:286 (ament_execute_extensions)
[2.226s]   CMakeLists.txt:15 (rosidl_generate_interfaces)
[2.226s] This warning is for project developers.  Use -Wno-dev to suppress it.
[2.226s] [0m
[2.247s] -- Found PythonInterp: /usr/bin/python3 (found suitable version "3.10.12", minimum required is "3.6") 
[2.248s] -- Found python_cmake_module: 0.10.0 (/opt/ros/humble/share/python_cmake_module/cmake)
[2.249s] [33mCMake Warning (dev) at /opt/ros/humble/share/python_cmake_module/cmake/Modules/FindPythonExtra.cmake:52 (find_package):
[2.249s]   Policy CMP0148 is not set: The FindPythonInterp and FindPythonLibs modules
[2.249s]   are removed.  Run "cmake --help-policy CMP0148" for policy details.  Use
[2.249s]   the cmake_policy command to set the policy and suppress this warning.
[2.249s] 
[2.250s] Call Stack (most recent call first):
[2.250s]   /opt/ros/humble/share/rosidl_generator_py/cmake/rosidl_generator_py_generate_interfaces.cmake:23 (find_package)
[2.250s]   /opt/ros/humble/share/ament_cmake_core/cmake/core/ament_execute_extensions.cmake:48 (include)
[2.250s]   /opt/ros/humble/share/rosidl_cmake/cmake/rosidl_generate_interfaces.cmake:286 (ament_execute_extensions)
[2.250s]   CMakeLists.txt:15 (rosidl_generate_interfaces)
[2.250s] This warning is for project developers.  Use -Wno-dev to suppress it.
[2.250s] [0m
[2.274s] [33mCMake Warning (dev) at /opt/ros/humble/share/python_cmake_module/cmake/Modules/FindPythonExtra.cmake:140 (find_package):
[2.275s]   Policy CMP0148 is not set: The FindPythonInterp and FindPythonLibs modules
[2.275s]   are removed.  Run "cmake --help-policy CMP0148" for policy details.  Use
[2.275s]   the cmake_policy command to set the policy and suppress this warning.
[2.275s] 
[2.275s] Call Stack (most recent call first):
[2.275s]   /opt/ros/humble/share/rosidl_generator_py/cmake/rosidl_generator_py_generate_interfaces.cmake:23 (find_package)
[2.275s]   /opt/ros/humble/share/ament_cmake_core/cmake/core/ament_execute_extensions.cmake:48 (include)
[2.275s]   /opt/ros/humble/share/rosidl_cmake/cmake/rosidl_generate_interfaces.cmake:286 (ament_execute_extensions)
[2.275s]   CMakeLists.txt:15 (rosidl_generate_interfaces)
[2.275s] This warning is for project developers.  Use -Wno-dev to suppress it.
[2.275s] [0m
[2.280s] -- Found PythonLibs: /usr/lib/x86_64-linux-gnu/libpython3.10.so (found suitable version "3.10.12", minimum required is "3.5") 
[2.281s] -- Using PYTHON_EXECUTABLE: /usr/bin/python3
[2.281s] -- Using PYTHON_INCLUDE_DIRS: /usr/include/python3.10
[2.281s] -- Using PYTHON_LIBRARIES: /usr/lib/x86_64-linux-gnu/libpython3.10.so
[2.304s] -- Found PythonExtra: .so  
[2.354s] -- Found ament_lint_auto: 0.12.11 (/opt/ros/humble/share/ament_lint_auto/cmake)
[2.372s] -- Added test 'lint_cmake' to check CMake code style
[2.373s] -- Added test 'xmllint' to check XML markup files
[2.375s] -- Configuring done (2.4s)
[2.411s] -- Generating done (0.0s)
[2.413s] -- Build files have been written to: /home/swati/Motion_Planning/MP_for_AV/src/MP_for_AV/build/vd_msgs
[2.417s] Invoked command in '/home/swati/Motion_Planning/MP_for_AV/src/MP_for_AV/build/vd_msgs' returned '0': CMAKE_PREFIX_PATH=${CMAKE_PREFIX_PATH}:/home/swati/Motion_Planning/MP_for_AV/install/vd_global_planner:/home/swati/Motion_Planning/MP_for_AV/install/vd_data_saver:/home/swati/Motion_Planning/MP_for_AV/install/vd_config:/home/swati/Motion_Planning/MP_for_AV/install/vd_cmd_sender:/opt/ros/humble /opt/cmake-3.28.3-linux-x86_64/bin/cmake /home/swati/Motion_Planning/MP_for_AV/src/MP_for_AV/vd_msgs -DCMAKE_INSTALL_PREFIX=/home/swati/Motion_Planning/MP_for_AV/src/MP_for_AV/install/vd_msgs
[2.418s] Invoking command in '/home/swati/Motion_Planning/MP_for_AV/src/MP_for_AV/build/vd_msgs': CMAKE_PREFIX_PATH=${CMAKE_PREFIX_PATH}:/home/swati/Motion_Planning/MP_for_AV/install/vd_global_planner:/home/swati/Motion_Planning/MP_for_AV/install/vd_data_saver:/home/swati/Motion_Planning/MP_for_AV/install/vd_config:/home/swati/Motion_Planning/MP_for_AV/install/vd_cmd_sender:/opt/ros/humble /opt/cmake-3.28.3-linux-x86_64/bin/cmake --build /home/swati/Motion_Planning/MP_for_AV/src/MP_for_AV/build/vd_msgs -- -j20 -l20
[2.437s] [  1%] [34m[1mGenerating C code for ROS interfaces[0m
[2.442s] [  2%] [34m[1mGenerating C++ code for ROS interfaces[0m
[2.443s] [  2%] Built target ament_cmake_python_copy_vd_msgs
[2.613s] running egg_info
[2.624s] creating vd_msgs.egg-info
[2.624s] writing vd_msgs.egg-info/PKG-INFO
[2.624s] writing dependency_links to vd_msgs.egg-info/dependency_links.txt
[2.625s] writing top-level names to vd_msgs.egg-info/top_level.txt
[2.625s] writing manifest file 'vd_msgs.egg-info/SOURCES.txt'
[2.657s] reading manifest file 'vd_msgs.egg-info/SOURCES.txt'
[2.658s] writing manifest file 'vd_msgs.egg-info/SOURCES.txt'
[2.677s] [  2%] Built target ament_cmake_python_build_vd_msgs_egg
[2.784s] [  2%] Built target vd_msgs__cpp
[2.788s] [  3%] [34m[1mGenerating C++ introspection for ROS interfaces[0m
[2.788s] [  4%] [34m[1mGenerating C++ type support dispatch for ROS interfaces[0m
[2.789s] [  5%] [34m[1mGenerating C++ type support for eProsima Fast-RTPS[0m
[2.805s] [  6%] [32mBuilding C object CMakeFiles/vd_msgs__rosidl_generator_c.dir/rosidl_generator_c/vd_msgs/msg/detail/v_dpose__functions.c.o[0m
[2.805s] [  8%] [32mBuilding C object CMakeFiles/vd_msgs__rosidl_generator_c.dir/rosidl_generator_c/vd_msgs/msg/detail/v_dtraj__functions.c.o[0m
[2.805s] [ 10%] [32mBuilding C object CMakeFiles/vd_msgs__rosidl_generator_c.dir/rosidl_generator_c/vd_msgs/msg/detail/vd_control_cmd__functions.c.o[0m
[2.805s] [ 10%] [32mBuilding C object CMakeFiles/vd_msgs__rosidl_generator_c.dir/rosidl_generator_c/vd_msgs/msg/detail/v_dstate__functions.c.o[0m
[2.806s] [ 11%] [32mBuilding C object CMakeFiles/vd_msgs__rosidl_generator_c.dir/rosidl_generator_c/vd_msgs/srv/detail/planner_srv__functions.c.o[0m
[2.806s] [ 12%] [32mBuilding C object CMakeFiles/vd_msgs__rosidl_generator_c.dir/rosidl_generator_c/vd_msgs/msg/detail/vd_path__functions.c.o[0m
[2.807s] [ 13%] [32mBuilding C object CMakeFiles/vd_msgs__rosidl_generator_c.dir/rosidl_generator_c/vd_msgs/msg/detail/vd_info__functions.c.o[0m
[2.807s] [ 14%] [32mBuilding C object CMakeFiles/vd_msgs__rosidl_generator_c.dir/rosidl_generator_c/vd_msgs/msg/detail/vd_list__functions.c.o[0m
[2.854s] [ 16%] [32m[1mLinking C shared library libvd_msgs__rosidl_generator_c.so[0m
[2.878s] [ 16%] Built target vd_msgs__rosidl_generator_c
[2.882s] [ 17%] [34m[1mGenerating C type support for eProsima Fast-RTPS[0m
[2.883s] [ 18%] [34m[1mGenerating C introspection for ROS interfaces[0m
[2.883s] [ 19%] [34m[1mGenerating C type support dispatch for ROS interfaces[0m
[3.027s] [ 20%] [32mBuilding CXX object CMakeFiles/vd_msgs__rosidl_typesupport_cpp.dir/rosidl_typesupport_cpp/vd_msgs/msg/v_dpose__type_support.cpp.o[0m
[3.027s] [ 21%] [32mBuilding CXX object CMakeFiles/vd_msgs__rosidl_typesupport_cpp.dir/rosidl_typesupport_cpp/vd_msgs/msg/v_dtraj__type_support.cpp.o[0m
[3.028s] [ 22%] [32mBuilding CXX object CMakeFiles/vd_msgs__rosidl_typesupport_cpp.dir/rosidl_typesupport_cpp/vd_msgs/msg/v_dstate__type_support.cpp.o[0m
[3.028s] [ 25%] [32mBuilding CXX object CMakeFiles/vd_msgs__rosidl_typesupport_cpp.dir/rosidl_typesupport_cpp/vd_msgs/msg/vd_control_cmd__type_support.cpp.o[0m
[3.028s] [ 25%] [32mBuilding CXX object CMakeFiles/vd_msgs__rosidl_typesupport_cpp.dir/rosidl_typesupport_cpp/vd_msgs/srv/planner_srv__type_support.cpp.o[0m
[3.028s] [ 26%] [32mBuilding CXX object CMakeFiles/vd_msgs__rosidl_typesupport_cpp.dir/rosidl_typesupport_cpp/vd_msgs/msg/vd_path__type_support.cpp.o[0m
[3.029s] [ 27%] [32mBuilding CXX object CMakeFiles/vd_msgs__rosidl_typesupport_cpp.dir/rosidl_typesupport_cpp/vd_msgs/msg/vd_info__type_support.cpp.o[0m
[3.029s] [ 28%] [32mBuilding CXX object CMakeFiles/vd_msgs__rosidl_typesupport_cpp.dir/rosidl_typesupport_cpp/vd_msgs/msg/vd_list__type_support.cpp.o[0m
[3.200s] [ 31%] [32mBuilding CXX object CMakeFiles/vd_msgs__rosidl_typesupport_c.dir/rosidl_typesupport_c/vd_msgs/msg/v_dpose__type_support.cpp.o[0m
[3.200s] [ 31%] [32mBuilding CXX object CMakeFiles/vd_msgs__rosidl_typesupport_c.dir/rosidl_typesupport_c/vd_msgs/msg/v_dstate__type_support.cpp.o[0m
[3.201s] [ 32%] [32mBuilding CXX object CMakeFiles/vd_msgs__rosidl_typesupport_c.dir/rosidl_typesupport_c/vd_msgs/msg/v_dtraj__type_support.cpp.o[0m
[3.201s] [ 33%] [32mBuilding CXX object CMakeFiles/vd_msgs__rosidl_typesupport_c.dir/rosidl_typesupport_c/vd_msgs/msg/vd_control_cmd__type_support.cpp.o[0m
[3.201s] [ 36%] [32mBuilding CXX object CMakeFiles/vd_msgs__rosidl_typesupport_c.dir/rosidl_typesupport_c/vd_msgs/msg/vd_path__type_support.cpp.o[0m
[3.201s] [ 36%] [32mBuilding CXX object CMakeFiles/vd_msgs__rosidl_typesupport_c.dir/rosidl_typesupport_c/vd_msgs/msg/vd_info__type_support.cpp.o[0m
[3.201s] [ 36%] [32mBuilding CXX object CMakeFiles/vd_msgs__rosidl_typesupport_c.dir/rosidl_typesupport_c/vd_msgs/srv/planner_srv__type_support.cpp.o[0m
[3.211s] [ 37%] [32mBuilding CXX object CMakeFiles/vd_msgs__rosidl_typesupport_c.dir/rosidl_typesupport_c/vd_msgs/msg/vd_list__type_support.cpp.o[0m
[3.239s] [ 39%] [32m[1mLinking CXX shared library libvd_msgs__rosidl_typesupport_c.so[0m
[3.263s] [ 39%] Built target vd_msgs__rosidl_typesupport_c
[3.283s] [ 40%] [32mBuilding CXX object CMakeFiles/vd_msgs__rosidl_typesupport_introspection_cpp.dir/rosidl_typesupport_introspection_cpp/vd_msgs/msg/detail/v_dpose__type_support.cpp.o[0m
[3.283s] [ 42%] [32mBuilding CXX object CMakeFiles/vd_msgs__rosidl_typesupport_introspection_cpp.dir/rosidl_typesupport_introspection_cpp/vd_msgs/msg/detail/v_dstate__type_support.cpp.o[0m
[3.283s] [ 42%] [32mBuilding CXX object CMakeFiles/vd_msgs__rosidl_typesupport_introspection_cpp.dir/rosidl_typesupport_introspection_cpp/vd_msgs/msg/detail/v_dtraj__type_support.cpp.o[0m
[3.283s] [ 43%] [32mBuilding CXX object CMakeFiles/vd_msgs__rosidl_typesupport_introspection_cpp.dir/rosidl_typesupport_introspection_cpp/vd_msgs/msg/detail/vd_control_cmd__type_support.cpp.o[0m
[3.284s] [ 45%] [32mBuilding CXX object CMakeFiles/vd_msgs__rosidl_typesupport_introspection_cpp.dir/rosidl_typesupport_introspection_cpp/vd_msgs/srv/detail/planner_srv__type_support.cpp.o[0m
[3.284s] [ 45%] [32mBuilding CXX object CMakeFiles/vd_msgs__rosidl_typesupport_introspection_cpp.dir/rosidl_typesupport_introspection_cpp/vd_msgs/msg/detail/vd_path__type_support.cpp.o[0m
[3.284s] [ 47%] [32mBuilding CXX object CMakeFiles/vd_msgs__rosidl_typesupport_introspection_cpp.dir/rosidl_typesupport_introspection_cpp/vd_msgs/msg/detail/vd_info__type_support.cpp.o[0m
[3.284s] [ 48%] [32mBuilding CXX object CMakeFiles/vd_msgs__rosidl_typesupport_introspection_cpp.dir/rosidl_typesupport_introspection_cpp/vd_msgs/msg/detail/vd_list__type_support.cpp.o[0m
[3.305s] [ 51%] [32mBuilding CXX object CMakeFiles/vd_msgs__rosidl_typesupport_fastrtps_cpp.dir/rosidl_typesupport_fastrtps_cpp/vd_msgs/msg/detail/dds_fastrtps/v_dstate__type_support.cpp.o[0m
[3.305s] [ 51%] [32mBuilding CXX object CMakeFiles/vd_msgs__rosidl_typesupport_fastrtps_cpp.dir/rosidl_typesupport_fastrtps_cpp/vd_msgs/msg/detail/dds_fastrtps/v_dtraj__type_support.cpp.o[0m
[3.305s] [ 52%] [32mBuilding CXX object CMakeFiles/vd_msgs__rosidl_typesupport_fastrtps_cpp.dir/rosidl_typesupport_fastrtps_cpp/vd_msgs/msg/detail/dds_fastrtps/vd_control_cmd__type_support.cpp.o[0m
[3.305s] [ 52%] [32mBuilding CXX object CMakeFiles/vd_msgs__rosidl_typesupport_fastrtps_cpp.dir/rosidl_typesupport_fastrtps_cpp/vd_msgs/msg/detail/dds_fastrtps/v_dpose__type_support.cpp.o[0m
[3.307s] [ 54%] [32mBuilding CXX object CMakeFiles/vd_msgs__rosidl_typesupport_fastrtps_cpp.dir/rosidl_typesupport_fastrtps_cpp/vd_msgs/msg/detail/dds_fastrtps/vd_path__type_support.cpp.o[0m
[3.313s] [ 55%] [32mBuilding CXX object CMakeFiles/vd_msgs__rosidl_typesupport_fastrtps_cpp.dir/rosidl_typesupport_fastrtps_cpp/vd_msgs/msg/detail/dds_fastrtps/vd_info__type_support.cpp.o[0m
[3.314s] [ 56%] [32mBuilding CXX object CMakeFiles/vd_msgs__rosidl_typesupport_fastrtps_cpp.dir/rosidl_typesupport_fastrtps_cpp/vd_msgs/srv/detail/dds_fastrtps/planner_srv__type_support.cpp.o[0m
[3.330s] [ 57%] [32mBuilding CXX object CMakeFiles/vd_msgs__rosidl_typesupport_fastrtps_cpp.dir/rosidl_typesupport_fastrtps_cpp/vd_msgs/msg/detail/dds_fastrtps/vd_list__type_support.cpp.o[0m
[3.335s] [ 58%] [32m[1mLinking CXX shared library libvd_msgs__rosidl_typesupport_cpp.so[0m
[3.351s] [ 59%] [32mBuilding CXX object CMakeFiles/vd_msgs__rosidl_typesupport_fastrtps_c.dir/rosidl_typesupport_fastrtps_c/vd_msgs/msg/detail/v_dpose__type_support_c.cpp.o[0m
[3.355s] [ 60%] [32mBuilding CXX object CMakeFiles/vd_msgs__rosidl_typesupport_fastrtps_c.dir/rosidl_typesupport_fastrtps_c/vd_msgs/msg/detail/v_dstate__type_support_c.cpp.o[0m
[3.375s] [ 60%] Built target vd_msgs__rosidl_typesupport_cpp
[3.377s] [ 62%] [32mBuilding C object CMakeFiles/vd_msgs__rosidl_typesupport_introspection_c.dir/rosidl_typesupport_introspection_c/vd_msgs/msg/detail/v_dpose__type_support.c.o[0m
[3.383s] [ 63%] [32mBuilding CXX object CMakeFiles/vd_msgs__rosidl_typesupport_fastrtps_c.dir/rosidl_typesupport_fastrtps_c/vd_msgs/msg/detail/v_dtraj__type_support_c.cpp.o[0m
[3.426s] [ 64%] [32mBuilding C object CMakeFiles/vd_msgs__rosidl_typesupport_introspection_c.dir/rosidl_typesupport_introspection_c/vd_msgs/msg/detail/v_dstate__type_support.c.o[0m
[3.491s] [ 65%] [32mBuilding C object CMakeFiles/vd_msgs__rosidl_typesupport_introspection_c.dir/rosidl_typesupport_introspection_c/vd_msgs/msg/detail/v_dtraj__type_support.c.o[0m
[3.558s] [ 66%] [32mBuilding C object CMakeFiles/vd_msgs__rosidl_typesupport_introspection_c.dir/rosidl_typesupport_introspection_c/vd_msgs/msg/detail/vd_control_cmd__type_support.c.o[0m
[3.630s] [ 67%] [32mBuilding C object CMakeFiles/vd_msgs__rosidl_typesupport_introspection_c.dir/rosidl_typesupport_introspection_c/vd_msgs/msg/detail/vd_path__type_support.c.o[0m
[3.668s] [ 68%] [32mBuilding C object CMakeFiles/vd_msgs__rosidl_typesupport_introspection_c.dir/rosidl_typesupport_introspection_c/vd_msgs/srv/detail/planner_srv__type_support.c.o[0m
[3.672s] [ 70%] [32mBuilding C object CMakeFiles/vd_msgs__rosidl_typesupport_introspection_c.dir/rosidl_typesupport_introspection_c/vd_msgs/msg/detail/vd_info__type_support.c.o[0m
[3.691s] [ 71%] [32mBuilding CXX object CMakeFiles/vd_msgs__rosidl_typesupport_fastrtps_c.dir/rosidl_typesupport_fastrtps_c/vd_msgs/msg/detail/vd_control_cmd__type_support_c.cpp.o[0m
[3.702s] [ 72%] [32mBuilding C object CMakeFiles/vd_msgs__rosidl_typesupport_introspection_c.dir/rosidl_typesupport_introspection_c/vd_msgs/msg/detail/vd_list__type_support.c.o[0m
[3.710s] [ 73%] [32mBuilding CXX object CMakeFiles/vd_msgs__rosidl_typesupport_fastrtps_c.dir/rosidl_typesupport_fastrtps_c/vd_msgs/msg/detail/vd_path__type_support_c.cpp.o[0m
[3.715s] [ 74%] [32mBuilding CXX object CMakeFiles/vd_msgs__rosidl_typesupport_fastrtps_c.dir/rosidl_typesupport_fastrtps_c/vd_msgs/srv/detail/planner_srv__type_support_c.cpp.o[0m
[3.717s] [ 75%] [32mBuilding CXX object CMakeFiles/vd_msgs__rosidl_typesupport_fastrtps_c.dir/rosidl_typesupport_fastrtps_c/vd_msgs/msg/detail/vd_info__type_support_c.cpp.o[0m
[3.718s] [ 77%] [32mBuilding CXX object CMakeFiles/vd_msgs__rosidl_typesupport_fastrtps_c.dir/rosidl_typesupport_fastrtps_c/vd_msgs/msg/detail/vd_list__type_support_c.cpp.o[0m
[3.731s] [ 78%] [32m[1mLinking C shared library libvd_msgs__rosidl_typesupport_introspection_c.so[0m
[3.753s] [ 78%] Built target vd_msgs__rosidl_typesupport_introspection_c
[3.899s] [ 79%] [32m[1mLinking CXX shared library libvd_msgs__rosidl_typesupport_fastrtps_cpp.so[0m
[3.906s] [ 80%] [32m[1mLinking CXX shared library libvd_msgs__rosidl_typesupport_introspection_cpp.so[0m
[3.963s] [ 80%] Built target vd_msgs__rosidl_typesupport_fastrtps_cpp
[3.969s] [ 80%] Built target vd_msgs__rosidl_typesupport_introspection_cpp
[4.029s] [ 81%] [32m[1mLinking CXX shared library libvd_msgs__rosidl_typesupport_fastrtps_c.so[0m
[4.102s] [ 81%] Built target vd_msgs__rosidl_typesupport_fastrtps_c
[4.111s] [ 81%] Built target vd_msgs
[4.121s] [ 82%] [34m[1mGenerating Python code for ROS interfaces[0m
[5.133s] [ 82%] Built target vd_msgs__py
[5.147s] [ 83%] [32mBuilding C object CMakeFiles/vd_msgs__rosidl_generator_py.dir/rosidl_generator_py/vd_msgs/msg/_v_dstate_s.c.o[0m
[5.148s] [ 85%] [32mBuilding C object CMakeFiles/vd_msgs__rosidl_generator_py.dir/rosidl_generator_py/vd_msgs/msg/_v_dtraj_s.c.o[0m
[5.152s] [ 87%] [32mBuilding C object CMakeFiles/vd_msgs__rosidl_generator_py.dir/rosidl_generator_py/vd_msgs/msg/_vd_path_s.c.o[0m
[5.154s] [ 88%] [32mBuilding C object CMakeFiles/vd_msgs__rosidl_generator_py.dir/rosidl_generator_py/vd_msgs/msg/_v_dpose_s.c.o[0m
[5.154s] [ 88%] [32mBuilding C object CMakeFiles/vd_msgs__rosidl_generator_py.dir/rosidl_generator_py/vd_msgs/srv/_planner_srv_s.c.o[0m
[5.162s] [ 89%] [32mBuilding C object CMakeFiles/vd_msgs__rosidl_generator_py.dir/rosidl_generator_py/vd_msgs/msg/_vd_control_cmd_s.c.o[0m
[5.164s] [ 90%] [32mBuilding C object CMakeFiles/vd_msgs__rosidl_generator_py.dir/rosidl_generator_py/vd_msgs/msg/_vd_info_s.c.o[0m
[5.182s] [ 91%] [32mBuilding C object CMakeFiles/vd_msgs__rosidl_generator_py.dir/rosidl_generator_py/vd_msgs/msg/_vd_list_s.c.o[0m
[5.412s] [ 93%] [32m[1mLinking C shared library rosidl_generator_py/vd_msgs/libvd_msgs__rosidl_generator_py.so[0m
[5.454s] [ 93%] Built target vd_msgs__rosidl_generator_py
[5.473s] [ 95%] [32mBuilding C object CMakeFiles/vd_msgs__rosidl_typesupport_fastrtps_c__pyext.dir/rosidl_generator_py/vd_msgs/_vd_msgs_s.ep.rosidl_typesupport_fastrtps_c.c.o[0m
[5.473s] [ 96%] [32mBuilding C object CMakeFiles/vd_msgs__rosidl_typesupport_c__pyext.dir/rosidl_generator_py/vd_msgs/_vd_msgs_s.ep.rosidl_typesupport_c.c.o[0m
[5.478s] [ 96%] [32mBuilding C object CMakeFiles/vd_msgs__rosidl_typesupport_introspection_c__pyext.dir/rosidl_generator_py/vd_msgs/_vd_msgs_s.ep.rosidl_typesupport_introspection_c.c.o[0m
[5.665s] [ 97%] [32m[1mLinking C shared library rosidl_generator_py/vd_msgs/vd_msgs_s__rosidl_typesupport_introspection_c.cpython-310-x86_64-linux-gnu.so[0m
[5.671s] [ 98%] [32m[1mLinking C shared library rosidl_generator_py/vd_msgs/vd_msgs_s__rosidl_typesupport_c.cpython-310-x86_64-linux-gnu.so[0m
[5.693s] [100%] [32m[1mLinking C shared library rosidl_generator_py/vd_msgs/vd_msgs_s__rosidl_typesupport_fastrtps_c.cpython-310-x86_64-linux-gnu.so[0m
[5.721s] [100%] Built target vd_msgs__rosidl_typesupport_introspection_c__pyext
[5.725s] [100%] Built target vd_msgs__rosidl_typesupport_c__pyext
[5.755s] [100%] Built target vd_msgs__rosidl_typesupport_fastrtps_c__pyext
[5.778s] Invoked command in '/home/swati/Motion_Planning/MP_for_AV/src/MP_for_AV/build/vd_msgs' returned '0': CMAKE_PREFIX_PATH=${CMAKE_PREFIX_PATH}:/home/swati/Motion_Planning/MP_for_AV/install/vd_global_planner:/home/swati/Motion_Planning/MP_for_AV/install/vd_data_saver:/home/swati/Motion_Planning/MP_for_AV/install/vd_config:/home/swati/Motion_Planning/MP_for_AV/install/vd_cmd_sender:/opt/ros/humble /opt/cmake-3.28.3-linux-x86_64/bin/cmake --build /home/swati/Motion_Planning/MP_for_AV/src/MP_for_AV/build/vd_msgs -- -j20 -l20
[6.354s] Invoking command in '/home/swati/Motion_Planning/MP_for_AV/src/MP_for_AV/build/vd_msgs': CMAKE_PREFIX_PATH=${CMAKE_PREFIX_PATH}:/home/swati/Motion_Planning/MP_for_AV/install/vd_global_planner:/home/swati/Motion_Planning/MP_for_AV/install/vd_data_saver:/home/swati/Motion_Planning/MP_for_AV/install/vd_config:/home/swati/Motion_Planning/MP_for_AV/install/vd_cmd_sender:/opt/ros/humble /opt/cmake-3.28.3-linux-x86_64/bin/cmake --install /home/swati/Motion_Planning/MP_for_AV/src/MP_for_AV/build/vd_msgs
[6.373s] -- Install configuration: ""
[6.373s] -- Installing: /home/swati/Motion_Planning/MP_for_AV/src/MP_for_AV/install/vd_msgs/share/ament_index/resource_index/rosidl_interfaces/vd_msgs
[6.374s] -- Installing: /home/swati/Motion_Planning/MP_for_AV/src/MP_for_AV/install/vd_msgs/include/vd_msgs/vd_msgs
[6.374s] -- Installing: /home/swati/Motion_Planning/MP_for_AV/src/MP_for_AV/install/vd_msgs/include/vd_msgs/vd_msgs/srv
[6.374s] -- Installing: /home/swati/Motion_Planning/MP_for_AV/src/MP_for_AV/install/vd_msgs/include/vd_msgs/vd_msgs/srv/detail
[6.374s] -- Installing: /home/swati/Motion_Planning/MP_for_AV/src/MP_for_AV/install/vd_msgs/include/vd_msgs/vd_msgs/srv/detail/planner_srv__functions.h
[6.374s] -- Installing: /home/swati/Motion_Planning/MP_for_AV/src/MP_for_AV/install/vd_msgs/include/vd_msgs/vd_msgs/srv/detail/planner_srv__functions.c
[6.374s] -- Installing: /home/swati/Motion_Planning/MP_for_AV/src/MP_for_AV/install/vd_msgs/include/vd_msgs/vd_msgs/srv/detail/planner_srv__struct.h
[6.374s] -- Installing: /home/swati/Motion_Planning/MP_for_AV/src/MP_for_AV/install/vd_msgs/include/vd_msgs/vd_msgs/srv/detail/planner_srv__type_support.h
[6.374s] -- Installing: /home/swati/Motion_Planning/MP_for_AV/src/MP_for_AV/install/vd_msgs/include/vd_msgs/vd_msgs/srv/planner_srv.h
[6.374s] -- Installing: /home/swati/Motion_Planning/MP_for_AV/src/MP_for_AV/install/vd_msgs/include/vd_msgs/vd_msgs/msg
[6.374s] -- Installing: /home/swati/Motion_Planning/MP_for_AV/src/MP_for_AV/install/vd_msgs/include/vd_msgs/vd_msgs/msg/vd_list.h
[6.374s] -- Installing: /home/swati/Motion_Planning/MP_for_AV/src/MP_for_AV/install/vd_msgs/include/vd_msgs/vd_msgs/msg/vd_control_cmd.h
[6.374s] -- Installing: /home/swati/Motion_Planning/MP_for_AV/src/MP_for_AV/install/vd_msgs/include/vd_msgs/vd_msgs/msg/vd_info.h
[6.374s] -- Installing: /home/swati/Motion_Planning/MP_for_AV/src/MP_for_AV/install/vd_msgs/include/vd_msgs/vd_msgs/msg/v_dtraj.h
[6.374s] -- Installing: /home/swati/Motion_Planning/MP_for_AV/src/MP_for_AV/install/vd_msgs/include/vd_msgs/vd_msgs/msg/v_dstate.h
[6.374s] -- Installing: /home/swati/Motion_Planning/MP_for_AV/src/MP_for_AV/install/vd_msgs/include/vd_msgs/vd_msgs/msg/detail
[6.374s] -- Installing: /home/swati/Motion_Planning/MP_for_AV/src/MP_for_AV/install/vd_msgs/include/vd_msgs/vd_msgs/msg/detail/v_dpose__type_support.h
[6.374s] -- Installing: /home/swati/Motion_Planning/MP_for_AV/src/MP_for_AV/install/vd_msgs/include/vd_msgs/vd_msgs/msg/detail/vd_info__functions.c
[6.374s] -- Installing: /home/swati/Motion_Planning/MP_for_AV/src/MP_for_AV/install/vd_msgs/include/vd_msgs/vd_msgs/msg/detail/vd_list__functions.h
[6.374s] -- Installing: /home/swati/Motion_Planning/MP_for_AV/src/MP_for_AV/install/vd_msgs/include/vd_msgs/vd_msgs/msg/detail/v_dstate__functions.h
[6.374s] -- Installing: /home/swati/Motion_Planning/MP_for_AV/src/MP_for_AV/install/vd_msgs/include/vd_msgs/vd_msgs/msg/detail/vd_path__type_support.h
[6.374s] -- Installing: /home/swati/Motion_Planning/MP_for_AV/src/MP_for_AV/install/vd_msgs/include/vd_msgs/vd_msgs/msg/detail/v_dtraj__type_support.h
[6.375s] -- Installing: /home/swati/Motion_Planning/MP_for_AV/src/MP_for_AV/install/vd_msgs/include/vd_msgs/vd_msgs/msg/detail/vd_control_cmd__struct.h
[6.375s] -- Installing: /home/swati/Motion_Planning/MP_for_AV/src/MP_for_AV/install/vd_msgs/include/vd_msgs/vd_msgs/msg/detail/vd_info__functions.h
[6.375s] -- Installing: /home/swati/Motion_Planning/MP_for_AV/src/MP_for_AV/install/vd_msgs/include/vd_msgs/vd_msgs/msg/detail/vd_path__functions.c
[6.375s] -- Installing: /home/swati/Motion_Planning/MP_for_AV/src/MP_for_AV/install/vd_msgs/include/vd_msgs/vd_msgs/msg/detail/vd_list__functions.c
[6.375s] -- Installing: /home/swati/Motion_Planning/MP_for_AV/src/MP_for_AV/install/vd_msgs/include/vd_msgs/vd_msgs/msg/detail/vd_control_cmd__functions.h
[6.375s] -- Installing: /home/swati/Motion_Planning/MP_for_AV/src/MP_for_AV/install/vd_msgs/include/vd_msgs/vd_msgs/msg/detail/v_dstate__functions.c
[6.375s] -- Installing: /home/swati/Motion_Planning/MP_for_AV/src/MP_for_AV/install/vd_msgs/include/vd_msgs/vd_msgs/msg/detail/vd_control_cmd__type_support.h
[6.375s] -- Installing: /home/swati/Motion_Planning/MP_for_AV/src/MP_for_AV/install/vd_msgs/include/vd_msgs/vd_msgs/msg/detail/v_dtraj__functions.c
[6.375s] -- Installing: /home/swati/Motion_Planning/MP_for_AV/src/MP_for_AV/install/vd_msgs/include/vd_msgs/vd_msgs/msg/detail/v_dpose__functions.h
[6.375s] -- Installing: /home/swati/Motion_Planning/MP_for_AV/src/MP_for_AV/install/vd_msgs/include/vd_msgs/vd_msgs/msg/detail/vd_control_cmd__functions.c
[6.375s] -- Installing: /home/swati/Motion_Planning/MP_for_AV/src/MP_for_AV/install/vd_msgs/include/vd_msgs/vd_msgs/msg/detail/v_dpose__functions.c
[6.375s] -- Installing: /home/swati/Motion_Planning/MP_for_AV/src/MP_for_AV/install/vd_msgs/include/vd_msgs/vd_msgs/msg/detail/vd_info__type_support.h
[6.375s] -- Installing: /home/swati/Motion_Planning/MP_for_AV/src/MP_for_AV/install/vd_msgs/include/vd_msgs/vd_msgs/msg/detail/vd_list__type_support.h
[6.375s] -- Installing: /home/swati/Motion_Planning/MP_for_AV/src/MP_for_AV/install/vd_msgs/include/vd_msgs/vd_msgs/msg/detail/vd_path__functions.h
[6.375s] -- Installing: /home/swati/Motion_Planning/MP_for_AV/src/MP_for_AV/install/vd_msgs/include/vd_msgs/vd_msgs/msg/detail/v_dtraj__functions.h
[6.375s] -- Installing: /home/swati/Motion_Planning/MP_for_AV/src/MP_for_AV/install/vd_msgs/include/vd_msgs/vd_msgs/msg/detail/vd_info__struct.h
[6.375s] -- Installing: /home/swati/Motion_Planning/MP_for_AV/src/MP_for_AV/install/vd_msgs/include/vd_msgs/vd_msgs/msg/detail/vd_path__struct.h
[6.376s] -- Installing: /home/swati/Motion_Planning/MP_for_AV/src/MP_for_AV/install/vd_msgs/include/vd_msgs/vd_msgs/msg/detail/v_dstate__type_support.h
[6.379s] -- Installing: /home/swati/Motion_Planning/MP_for_AV/src/MP_for_AV/install/vd_msgs/include/vd_msgs/vd_msgs/msg/detail/v_dpose__struct.h
[6.379s] -- Installing: /home/swati/Motion_Planning/MP_for_AV/src/MP_for_AV/install/vd_msgs/include/vd_msgs/vd_msgs/msg/detail/v_dtraj__struct.h
[6.379s] -- Installing: /home/swati/Motion_Planning/MP_for_AV/src/MP_for_AV/install/vd_msgs/include/vd_msgs/vd_msgs/msg/detail/vd_list__struct.h
[6.379s] -- Installing: /home/swati/Motion_Planning/MP_for_AV/src/MP_for_AV/install/vd_msgs/include/vd_msgs/vd_msgs/msg/detail/v_dstate__struct.h
[6.379s] -- Installing: /home/swati/Motion_Planning/MP_for_AV/src/MP_for_AV/install/vd_msgs/include/vd_msgs/vd_msgs/msg/vd_path.h
[6.379s] -- Installing: /home/swati/Motion_Planning/MP_for_AV/src/MP_for_AV/install/vd_msgs/include/vd_msgs/vd_msgs/msg/rosidl_generator_c__visibility_control.h
[6.379s] -- Installing: /home/swati/Motion_Planning/MP_for_AV/src/MP_for_AV/install/vd_msgs/include/vd_msgs/vd_msgs/msg/v_dpose.h
[6.379s] -- Installing: /home/swati/Motion_Planning/MP_for_AV/src/MP_for_AV/install/vd_msgs/share/vd_msgs/environment/library_path.sh
[6.379s] -- Installing: /home/swati/Motion_Planning/MP_for_AV/src/MP_for_AV/install/vd_msgs/share/vd_msgs/environment/library_path.dsv
[6.379s] -- Installing: /home/swati/Motion_Planning/MP_for_AV/src/MP_for_AV/install/vd_msgs/lib/libvd_msgs__rosidl_generator_c.so
[6.379s] -- Set non-toolchain portion of runtime path of "/home/swati/Motion_Planning/MP_for_AV/src/MP_for_AV/install/vd_msgs/lib/libvd_msgs__rosidl_generator_c.so" to ""
[6.380s] -- Up-to-date: /home/swati/Motion_Planning/MP_for_AV/src/MP_for_AV/install/vd_msgs/include/vd_msgs/vd_msgs
[6.380s] -- Up-to-date: /home/swati/Motion_Planning/MP_for_AV/src/MP_for_AV/install/vd_msgs/include/vd_msgs/vd_msgs/srv
[6.380s] -- Up-to-date: /home/swati/Motion_Planning/MP_for_AV/src/MP_for_AV/install/vd_msgs/include/vd_msgs/vd_msgs/srv/detail
[6.380s] -- Installing: /home/swati/Motion_Planning/MP_for_AV/src/MP_for_AV/install/vd_msgs/include/vd_msgs/vd_msgs/srv/detail/planner_srv__rosidl_typesupport_fastrtps_c.h
[6.380s] -- Up-to-date: /home/swati/Motion_Planning/MP_for_AV/src/MP_for_AV/install/vd_msgs/include/vd_msgs/vd_msgs/msg
[6.380s] -- Installing: /home/swati/Motion_Planning/MP_for_AV/src/MP_for_AV/install/vd_msgs/include/vd_msgs/vd_msgs/msg/rosidl_typesupport_fastrtps_c__visibility_control.h
[6.380s] -- Up-to-date: /home/swati/Motion_Planning/MP_for_AV/src/MP_for_AV/install/vd_msgs/include/vd_msgs/vd_msgs/msg/detail
[6.380s] -- Installing: /home/swati/Motion_Planning/MP_for_AV/src/MP_for_AV/install/vd_msgs/include/vd_msgs/vd_msgs/msg/detail/vd_path__rosidl_typesupport_fastrtps_c.h
[6.380s] -- Installing: /home/swati/Motion_Planning/MP_for_AV/src/MP_for_AV/install/vd_msgs/include/vd_msgs/vd_msgs/msg/detail/vd_list__rosidl_typesupport_fastrtps_c.h
[6.380s] -- Installing: /home/swati/Motion_Planning/MP_for_AV/src/MP_for_AV/install/vd_msgs/include/vd_msgs/vd_msgs/msg/detail/v_dstate__rosidl_typesupport_fastrtps_c.h
[6.380s] -- Installing: /home/swati/Motion_Planning/MP_for_AV/src/MP_for_AV/install/vd_msgs/include/vd_msgs/vd_msgs/msg/detail/v_dpose__rosidl_typesupport_fastrtps_c.h
[6.380s] -- Installing: /home/swati/Motion_Planning/MP_for_AV/src/MP_for_AV/install/vd_msgs/include/vd_msgs/vd_msgs/msg/detail/vd_info__rosidl_typesupport_fastrtps_c.h
[6.380s] -- Installing: /home/swati/Motion_Planning/MP_for_AV/src/MP_for_AV/install/vd_msgs/include/vd_msgs/vd_msgs/msg/detail/vd_control_cmd__rosidl_typesupport_fastrtps_c.h
[6.380s] -- Installing: /home/swati/Motion_Planning/MP_for_AV/src/MP_for_AV/install/vd_msgs/include/vd_msgs/vd_msgs/msg/detail/v_dtraj__rosidl_typesupport_fastrtps_c.h
[6.380s] -- Installing: /home/swati/Motion_Planning/MP_for_AV/src/MP_for_AV/install/vd_msgs/lib/libvd_msgs__rosidl_typesupport_fastrtps_c.so
[6.381s] -- Set non-toolchain portion of runtime path of "/home/swati/Motion_Planning/MP_for_AV/src/MP_for_AV/install/vd_msgs/lib/libvd_msgs__rosidl_typesupport_fastrtps_c.so" to ""
[6.381s] -- Up-to-date: /home/swati/Motion_Planning/MP_for_AV/src/MP_for_AV/install/vd_msgs/include/vd_msgs/vd_msgs
[6.381s] -- Up-to-date: /home/swati/Motion_Planning/MP_for_AV/src/MP_for_AV/install/vd_msgs/include/vd_msgs/vd_msgs/srv
[6.381s] -- Up-to-date: /home/swati/Motion_Planning/MP_for_AV/src/MP_for_AV/install/vd_msgs/include/vd_msgs/vd_msgs/srv/detail
[6.381s] -- Installing: /home/swati/Motion_Planning/MP_for_AV/src/MP_for_AV/install/vd_msgs/include/vd_msgs/vd_msgs/srv/detail/planner_srv__builder.hpp
[6.381s] -- Installing: /home/swati/Motion_Planning/MP_for_AV/src/MP_for_AV/install/vd_msgs/include/vd_msgs/vd_msgs/srv/detail/planner_srv__traits.hpp
[6.381s] -- Installing: /home/swati/Motion_Planning/MP_for_AV/src/MP_for_AV/install/vd_msgs/include/vd_msgs/vd_msgs/srv/detail/planner_srv__struct.hpp
[6.381s] -- Installing: /home/swati/Motion_Planning/MP_for_AV/src/MP_for_AV/install/vd_msgs/include/vd_msgs/vd_msgs/srv/planner_srv.hpp
[6.381s] -- Up-to-date: /home/swati/Motion_Planning/MP_for_AV/src/MP_for_AV/install/vd_msgs/include/vd_msgs/vd_msgs/msg
[6.381s] -- Installing: /home/swati/Motion_Planning/MP_for_AV/src/MP_for_AV/install/vd_msgs/include/vd_msgs/vd_msgs/msg/v_dstate.hpp
[6.381s] -- Installing: /home/swati/Motion_Planning/MP_for_AV/src/MP_for_AV/install/vd_msgs/include/vd_msgs/vd_msgs/msg/v_dtraj.hpp
[6.381s] -- Installing: /home/swati/Motion_Planning/MP_for_AV/src/MP_for_AV/install/vd_msgs/include/vd_msgs/vd_msgs/msg/vd_list.hpp
[6.381s] -- Installing: /home/swati/Motion_Planning/MP_for_AV/src/MP_for_AV/install/vd_msgs/include/vd_msgs/vd_msgs/msg/vd_control_cmd.hpp
[6.381s] -- Installing: /home/swati/Motion_Planning/MP_for_AV/src/MP_for_AV/install/vd_msgs/include/vd_msgs/vd_msgs/msg/vd_path.hpp
[6.382s] -- Installing: /home/swati/Motion_Planning/MP_for_AV/src/MP_for_AV/install/vd_msgs/include/vd_msgs/vd_msgs/msg/v_dpose.hpp
[6.382s] -- Up-to-date: /home/swati/Motion_Planning/MP_for_AV/src/MP_for_AV/install/vd_msgs/include/vd_msgs/vd_msgs/msg/detail
[6.382s] -- Installing: /home/swati/Motion_Planning/MP_for_AV/src/MP_for_AV/install/vd_msgs/include/vd_msgs/vd_msgs/msg/detail/vd_path__struct.hpp
[6.382s] -- Installing: /home/swati/Motion_Planning/MP_for_AV/src/MP_for_AV/install/vd_msgs/include/vd_msgs/vd_msgs/msg/detail/vd_list__traits.hpp
[6.382s] -- Installing: /home/swati/Motion_Planning/MP_for_AV/src/MP_for_AV/install/vd_msgs/include/vd_msgs/vd_msgs/msg/detail/vd_control_cmd__traits.hpp
[6.382s] -- Installing: /home/swati/Motion_Planning/MP_for_AV/src/MP_for_AV/install/vd_msgs/include/vd_msgs/vd_msgs/msg/detail/vd_control_cmd__struct.hpp
[6.382s] -- Installing: /home/swati/Motion_Planning/MP_for_AV/src/MP_for_AV/install/vd_msgs/include/vd_msgs/vd_msgs/msg/detail/vd_path__builder.hpp
[6.382s] -- Installing: /home/swati/Motion_Planning/MP_for_AV/src/MP_for_AV/install/vd_msgs/include/vd_msgs/vd_msgs/msg/detail/vd_control_cmd__builder.hpp
[6.382s] -- Installing: /home/swati/Motion_Planning/MP_for_AV/src/MP_for_AV/install/vd_msgs/include/vd_msgs/vd_msgs/msg/detail/v_dstate__struct.hpp
[6.382s] -- Installing: /home/swati/Motion_Planning/MP_for_AV/src/MP_for_AV/install/vd_msgs/include/vd_msgs/vd_msgs/msg/detail/v_dstate__builder.hpp
[6.382s] -- Installing: /home/swati/Motion_Planning/MP_for_AV/src/MP_for_AV/install/vd_msgs/include/vd_msgs/vd_msgs/msg/detail/vd_path__traits.hpp
[6.382s] -- Installing: /home/swati/Motion_Planning/MP_for_AV/src/MP_for_AV/install/vd_msgs/include/vd_msgs/vd_msgs/msg/detail/v_dpose__traits.hpp
[6.386s] -- Installing: /home/swati/Motion_Planning/MP_for_AV/src/MP_for_AV/install/vd_msgs/include/vd_msgs/vd_msgs/msg/detail/vd_info__traits.hpp
[6.386s] -- Installing: /home/swati/Motion_Planning/MP_for_AV/src/MP_for_AV/install/vd_msgs/include/vd_msgs/vd_msgs/msg/detail/v_dpose__struct.hpp
[6.386s] -- Installing: /home/swati/Motion_Planning/MP_for_AV/src/MP_for_AV/install/vd_msgs/include/vd_msgs/vd_msgs/msg/detail/v_dtraj__struct.hpp
[6.386s] -- Installing: /home/swati/Motion_Planning/MP_for_AV/src/MP_for_AV/install/vd_msgs/include/vd_msgs/vd_msgs/msg/detail/vd_list__struct.hpp
[6.386s] -- Installing: /home/swati/Motion_Planning/MP_for_AV/src/MP_for_AV/install/vd_msgs/include/vd_msgs/vd_msgs/msg/detail/vd_info__struct.hpp
[6.386s] -- Installing: /home/swati/Motion_Planning/MP_for_AV/src/MP_for_AV/install/vd_msgs/include/vd_msgs/vd_msgs/msg/detail/v_dstate__traits.hpp
[6.386s] -- Installing: /home/swati/Motion_Planning/MP_for_AV/src/MP_for_AV/install/vd_msgs/include/vd_msgs/vd_msgs/msg/detail/v_dtraj__builder.hpp
[6.386s] -- Installing: /home/swati/Motion_Planning/MP_for_AV/src/MP_for_AV/install/vd_msgs/include/vd_msgs/vd_msgs/msg/detail/v_dtraj__traits.hpp
[6.386s] -- Installing: /home/swati/Motion_Planning/MP_for_AV/src/MP_for_AV/install/vd_msgs/include/vd_msgs/vd_msgs/msg/detail/vd_info__builder.hpp
[6.387s] -- Installing: /home/swati/Motion_Planning/MP_for_AV/src/MP_for_AV/install/vd_msgs/include/vd_msgs/vd_msgs/msg/detail/v_dpose__builder.hpp
[6.387s] -- Installing: /home/swati/Motion_Planning/MP_for_AV/src/MP_for_AV/install/vd_msgs/include/vd_msgs/vd_msgs/msg/detail/vd_list__builder.hpp
[6.387s] -- Installing: /home/swati/Motion_Planning/MP_for_AV/src/MP_for_AV/install/vd_msgs/include/vd_msgs/vd_msgs/msg/vd_info.hpp
[6.387s] -- Up-to-date: /home/swati/Motion_Planning/MP_for_AV/src/MP_for_AV/install/vd_msgs/include/vd_msgs/vd_msgs
[6.387s] -- Up-to-date: /home/swati/Motion_Planning/MP_for_AV/src/MP_for_AV/install/vd_msgs/include/vd_msgs/vd_msgs/srv
[6.387s] -- Up-to-date: /home/swati/Motion_Planning/MP_for_AV/src/MP_for_AV/install/vd_msgs/include/vd_msgs/vd_msgs/srv/detail
[6.387s] -- Installing: /home/swati/Motion_Planning/MP_for_AV/src/MP_for_AV/install/vd_msgs/include/vd_msgs/vd_msgs/srv/detail/dds_fastrtps
[6.387s] -- Installing: /home/swati/Motion_Planning/MP_for_AV/src/MP_for_AV/install/vd_msgs/include/vd_msgs/vd_msgs/srv/detail/planner_srv__rosidl_typesupport_fastrtps_cpp.hpp
[6.387s] -- Up-to-date: /home/swati/Motion_Planning/MP_for_AV/src/MP_for_AV/install/vd_msgs/include/vd_msgs/vd_msgs/msg
[6.387s] -- Installing: /home/swati/Motion_Planning/MP_for_AV/src/MP_for_AV/install/vd_msgs/include/vd_msgs/vd_msgs/msg/rosidl_typesupport_fastrtps_cpp__visibility_control.h
[6.387s] -- Up-to-date: /home/swati/Motion_Planning/MP_for_AV/src/MP_for_AV/install/vd_msgs/include/vd_msgs/vd_msgs/msg/detail
[6.387s] -- Installing: /home/swati/Motion_Planning/MP_for_AV/src/MP_for_AV/install/vd_msgs/include/vd_msgs/vd_msgs/msg/detail/v_dpose__rosidl_typesupport_fastrtps_cpp.hpp
[6.387s] -- Installing: /home/swati/Motion_Planning/MP_for_AV/src/MP_for_AV/install/vd_msgs/include/vd_msgs/vd_msgs/msg/detail/vd_control_cmd__rosidl_typesupport_fastrtps_cpp.hpp
[6.387s] -- Installing: /home/swati/Motion_Planning/MP_for_AV/src/MP_for_AV/install/vd_msgs/include/vd_msgs/vd_msgs/msg/detail/vd_list__rosidl_typesupport_fastrtps_cpp.hpp
[6.387s] -- Installing: /home/swati/Motion_Planning/MP_for_AV/src/MP_for_AV/install/vd_msgs/include/vd_msgs/vd_msgs/msg/detail/vd_path__rosidl_typesupport_fastrtps_cpp.hpp
[6.387s] -- Installing: /home/swati/Motion_Planning/MP_for_AV/src/MP_for_AV/install/vd_msgs/include/vd_msgs/vd_msgs/msg/detail/vd_info__rosidl_typesupport_fastrtps_cpp.hpp
[6.387s] -- Installing: /home/swati/Motion_Planning/MP_for_AV/src/MP_for_AV/install/vd_msgs/include/vd_msgs/vd_msgs/msg/detail/v_dstate__rosidl_typesupport_fastrtps_cpp.hpp
[6.387s] -- Installing: /home/swati/Motion_Planning/MP_for_AV/src/MP_for_AV/install/vd_msgs/include/vd_msgs/vd_msgs/msg/detail/v_dtraj__rosidl_typesupport_fastrtps_cpp.hpp
[6.387s] -- Installing: /home/swati/Motion_Planning/MP_for_AV/src/MP_for_AV/install/vd_msgs/include/vd_msgs/vd_msgs/msg/detail/dds_fastrtps
[6.387s] -- Installing: /home/swati/Motion_Planning/MP_for_AV/src/MP_for_AV/install/vd_msgs/lib/libvd_msgs__rosidl_typesupport_fastrtps_cpp.so
[6.393s] -- Set non-toolchain portion of runtime path of "/home/swati/Motion_Planning/MP_for_AV/src/MP_for_AV/install/vd_msgs/lib/libvd_msgs__rosidl_typesupport_fastrtps_cpp.so" to ""
[6.393s] -- Up-to-date: /home/swati/Motion_Planning/MP_for_AV/src/MP_for_AV/install/vd_msgs/include/vd_msgs/vd_msgs
[6.393s] -- Up-to-date: /home/swati/Motion_Planning/MP_for_AV/src/MP_for_AV/install/vd_msgs/include/vd_msgs/vd_msgs/srv
[6.394s] -- Up-to-date: /home/swati/Motion_Planning/MP_for_AV/src/MP_for_AV/install/vd_msgs/include/vd_msgs/vd_msgs/srv/detail
[6.394s] -- Installing: /home/swati/Motion_Planning/MP_for_AV/src/MP_for_AV/install/vd_msgs/include/vd_msgs/vd_msgs/srv/detail/planner_srv__type_support.c
[6.394s] -- Installing: /home/swati/Motion_Planning/MP_for_AV/src/MP_for_AV/install/vd_msgs/include/vd_msgs/vd_msgs/srv/detail/planner_srv__rosidl_typesupport_introspection_c.h
[6.394s] -- Up-to-date: /home/swati/Motion_Planning/MP_for_AV/src/MP_for_AV/install/vd_msgs/include/vd_msgs/vd_msgs/msg
[6.394s] -- Installing: /home/swati/Motion_Planning/MP_for_AV/src/MP_for_AV/install/vd_msgs/include/vd_msgs/vd_msgs/msg/rosidl_typesupport_introspection_c__visibility_control.h
[6.394s] -- Up-to-date: /home/swati/Motion_Planning/MP_for_AV/src/MP_for_AV/install/vd_msgs/include/vd_msgs/vd_msgs/msg/detail
[6.394s] -- Installing: /home/swati/Motion_Planning/MP_for_AV/src/MP_for_AV/install/vd_msgs/include/vd_msgs/vd_msgs/msg/detail/v_dstate__rosidl_typesupport_introspection_c.h
[6.394s] -- Installing: /home/swati/Motion_Planning/MP_for_AV/src/MP_for_AV/install/vd_msgs/include/vd_msgs/vd_msgs/msg/detail/vd_control_cmd__type_support.c
[6.394s] -- Installing: /home/swati/Motion_Planning/MP_for_AV/src/MP_for_AV/install/vd_msgs/include/vd_msgs/vd_msgs/msg/detail/vd_list__type_support.c
[6.394s] -- Installing: /home/swati/Motion_Planning/MP_for_AV/src/MP_for_AV/install/vd_msgs/include/vd_msgs/vd_msgs/msg/detail/v_dtraj__rosidl_typesupport_introspection_c.h
[6.394s] -- Installing: /home/swati/Motion_Planning/MP_for_AV/src/MP_for_AV/install/vd_msgs/include/vd_msgs/vd_msgs/msg/detail/vd_control_cmd__rosidl_typesupport_introspection_c.h
[6.394s] -- Installing: /home/swati/Motion_Planning/MP_for_AV/src/MP_for_AV/install/vd_msgs/include/vd_msgs/vd_msgs/msg/detail/v_dpose__rosidl_typesupport_introspection_c.h
[6.395s] -- Installing: /home/swati/Motion_Planning/MP_for_AV/src/MP_for_AV/install/vd_msgs/include/vd_msgs/vd_msgs/msg/detail/v_dstate__type_support.c
[6.395s] -- Installing: /home/swati/Motion_Planning/MP_for_AV/src/MP_for_AV/install/vd_msgs/include/vd_msgs/vd_msgs/msg/detail/vd_path__type_support.c
[6.395s] -- Installing: /home/swati/Motion_Planning/MP_for_AV/src/MP_for_AV/install/vd_msgs/include/vd_msgs/vd_msgs/msg/detail/vd_path__rosidl_typesupport_introspection_c.h
[6.395s] -- Installing: /home/swati/Motion_Planning/MP_for_AV/src/MP_for_AV/install/vd_msgs/include/vd_msgs/vd_msgs/msg/detail/v_dpose__type_support.c
[6.396s] -- Installing: /home/swati/Motion_Planning/MP_for_AV/src/MP_for_AV/install/vd_msgs/include/vd_msgs/vd_msgs/msg/detail/vd_list__rosidl_typesupport_introspection_c.h
[6.396s] -- Installing: /home/swati/Motion_Planning/MP_for_AV/src/MP_for_AV/install/vd_msgs/include/vd_msgs/vd_msgs/msg/detail/vd_info__rosidl_typesupport_introspection_c.h
[6.396s] -- Installing: /home/swati/Motion_Planning/MP_for_AV/src/MP_for_AV/install/vd_msgs/include/vd_msgs/vd_msgs/msg/detail/v_dtraj__type_support.c
[6.396s] -- Installing: /home/swati/Motion_Planning/MP_for_AV/src/MP_for_AV/install/vd_msgs/include/vd_msgs/vd_msgs/msg/detail/vd_info__type_support.c
[6.396s] -- Installing: /home/swati/Motion_Planning/MP_for_AV/src/MP_for_AV/install/vd_msgs/lib/libvd_msgs__rosidl_typesupport_introspection_c.so
[6.398s] -- Set non-toolchain portion of runtime path of "/home/swati/Motion_Planning/MP_for_AV/src/MP_for_AV/install/vd_msgs/lib/libvd_msgs__rosidl_typesupport_introspection_c.so" to ""
[6.398s] -- Installing: /home/swati/Motion_Planning/MP_for_AV/src/MP_for_AV/install/vd_msgs/lib/libvd_msgs__rosidl_typesupport_c.so
[6.400s] -- Set non-toolchain portion of runtime path of "/home/swati/Motion_Planning/MP_for_AV/src/MP_for_AV/install/vd_msgs/lib/libvd_msgs__rosidl_typesupport_c.so" to ""
[6.400s] -- Up-to-date: /home/swati/Motion_Planning/MP_for_AV/src/MP_for_AV/install/vd_msgs/include/vd_msgs/vd_msgs
[6.400s] -- Up-to-date: /home/swati/Motion_Planning/MP_for_AV/src/MP_for_AV/install/vd_msgs/include/vd_msgs/vd_msgs/srv
[6.400s] -- Up-to-date: /home/swati/Motion_Planning/MP_for_AV/src/MP_for_AV/install/vd_msgs/include/vd_msgs/vd_msgs/srv/detail
[6.400s] -- Installing: /home/swati/Motion_Planning/MP_for_AV/src/MP_for_AV/install/vd_msgs/include/vd_msgs/vd_msgs/srv/detail/planner_srv__type_support.cpp
[6.400s] -- Installing: /home/swati/Motion_Planning/MP_for_AV/src/MP_for_AV/install/vd_msgs/include/vd_msgs/vd_msgs/srv/detail/planner_srv__rosidl_typesupport_introspection_cpp.hpp
[6.400s] -- Up-to-date: /home/swati/Motion_Planning/MP_for_AV/src/MP_for_AV/install/vd_msgs/include/vd_msgs/vd_msgs/msg
[6.400s] -- Up-to-date: /home/swati/Motion_Planning/MP_for_AV/src/MP_for_AV/install/vd_msgs/include/vd_msgs/vd_msgs/msg/detail
[6.400s] -- Installing: /home/swati/Motion_Planning/MP_for_AV/src/MP_for_AV/install/vd_msgs/include/vd_msgs/vd_msgs/msg/detail/v_dstate__type_support.cpp
[6.401s] -- Installing: /home/swati/Motion_Planning/MP_for_AV/src/MP_for_AV/install/vd_msgs/include/vd_msgs/vd_msgs/msg/detail/v_dtraj__rosidl_typesupport_introspection_cpp.hpp
[6.401s] -- Installing: /home/swati/Motion_Planning/MP_for_AV/src/MP_for_AV/install/vd_msgs/include/vd_msgs/vd_msgs/msg/detail/vd_list__rosidl_typesupport_introspection_cpp.hpp
[6.401s] -- Installing: /home/swati/Motion_Planning/MP_for_AV/src/MP_for_AV/install/vd_msgs/include/vd_msgs/vd_msgs/msg/detail/v_dpose__type_support.cpp
[6.401s] -- Installing: /home/swati/Motion_Planning/MP_for_AV/src/MP_for_AV/install/vd_msgs/include/vd_msgs/vd_msgs/msg/detail/vd_list__type_support.cpp
[6.401s] -- Installing: /home/swati/Motion_Planning/MP_for_AV/src/MP_for_AV/install/vd_msgs/include/vd_msgs/vd_msgs/msg/detail/vd_info__rosidl_typesupport_introspection_cpp.hpp
[6.401s] -- Installing: /home/swati/Motion_Planning/MP_for_AV/src/MP_for_AV/install/vd_msgs/include/vd_msgs/vd_msgs/msg/detail/vd_control_cmd__type_support.cpp
[6.401s] -- Installing: /home/swati/Motion_Planning/MP_for_AV/src/MP_for_AV/install/vd_msgs/include/vd_msgs/vd_msgs/msg/detail/v_dtraj__type_support.cpp
[6.401s] -- Installing: /home/swati/Motion_Planning/MP_for_AV/src/MP_for_AV/install/vd_msgs/include/vd_msgs/vd_msgs/msg/detail/v_dpose__rosidl_typesupport_introspection_cpp.hpp
[6.401s] -- Installing: /home/swati/Motion_Planning/MP_for_AV/src/MP_for_AV/install/vd_msgs/include/vd_msgs/vd_msgs/msg/detail/vd_control_cmd__rosidl_typesupport_introspection_cpp.hpp
[6.401s] -- Installing: /home/swati/Motion_Planning/MP_for_AV/src/MP_for_AV/install/vd_msgs/include/vd_msgs/vd_msgs/msg/detail/vd_path__rosidl_typesupport_introspection_cpp.hpp
[6.401s] -- Installing: /home/swati/Motion_Planning/MP_for_AV/src/MP_for_AV/install/vd_msgs/include/vd_msgs/vd_msgs/msg/detail/vd_path__type_support.cpp
[6.402s] -- Installing: /home/swati/Motion_Planning/MP_for_AV/src/MP_for_AV/install/vd_msgs/include/vd_msgs/vd_msgs/msg/detail/vd_info__type_support.cpp
[6.405s] -- Installing: /home/swati/Motion_Planning/MP_for_AV/src/MP_for_AV/install/vd_msgs/include/vd_msgs/vd_msgs/msg/detail/v_dstate__rosidl_typesupport_introspection_cpp.hpp
[6.405s] -- Installing: /home/swati/Motion_Planning/MP_for_AV/src/MP_for_AV/install/vd_msgs/lib/libvd_msgs__rosidl_typesupport_introspection_cpp.so
[6.408s] -- Set non-toolchain portion of runtime path of "/home/swati/Motion_Planning/MP_for_AV/src/MP_for_AV/install/vd_msgs/lib/libvd_msgs__rosidl_typesupport_introspection_cpp.so" to ""
[6.408s] -- Installing: /home/swati/Motion_Planning/MP_for_AV/src/MP_for_AV/install/vd_msgs/lib/libvd_msgs__rosidl_typesupport_cpp.so
[6.411s] -- Set non-toolchain portion of runtime path of "/home/swati/Motion_Planning/MP_for_AV/src/MP_for_AV/install/vd_msgs/lib/libvd_msgs__rosidl_typesupport_cpp.so" to ""
[6.411s] -- Installing: /home/swati/Motion_Planning/MP_for_AV/src/MP_for_AV/install/vd_msgs/share/vd_msgs/environment/pythonpath.sh
[6.413s] -- Installing: /home/swati/Motion_Planning/MP_for_AV/src/MP_for_AV/install/vd_msgs/share/vd_msgs/environment/pythonpath.dsv
[6.414s] -- Installing: /home/swati/Motion_Planning/MP_for_AV/src/MP_for_AV/install/vd_msgs/local/lib/python3.10/dist-packages/vd_msgs-0.0.0-py3.10.egg-info
[6.415s] -- Installing: /home/swati/Motion_Planning/MP_for_AV/src/MP_for_AV/install/vd_msgs/local/lib/python3.10/dist-packages/vd_msgs-0.0.0-py3.10.egg-info/top_level.txt
[6.416s] -- Installing: /home/swati/Motion_Planning/MP_for_AV/src/MP_for_AV/install/vd_msgs/local/lib/python3.10/dist-packages/vd_msgs-0.0.0-py3.10.egg-info/PKG-INFO
[6.418s] -- Installing: /home/swati/Motion_Planning/MP_for_AV/src/MP_for_AV/install/vd_msgs/local/lib/python3.10/dist-packages/vd_msgs-0.0.0-py3.10.egg-info/SOURCES.txt
[6.419s] -- Installing: /home/swati/Motion_Planning/MP_for_AV/src/MP_for_AV/install/vd_msgs/local/lib/python3.10/dist-packages/vd_msgs-0.0.0-py3.10.egg-info/dependency_links.txt
[6.421s] -- Installing: /home/swati/Motion_Planning/MP_for_AV/src/MP_for_AV/install/vd_msgs/local/lib/python3.10/dist-packages/vd_msgs
[6.421s] -- Installing: /home/swati/Motion_Planning/MP_for_AV/src/MP_for_AV/install/vd_msgs/local/lib/python3.10/dist-packages/vd_msgs/_vd_msgs_s.ep.rosidl_typesupport_introspection_c.c
[6.425s] -- Installing: /home/swati/Motion_Planning/MP_for_AV/src/MP_for_AV/install/vd_msgs/local/lib/python3.10/dist-packages/vd_msgs/vd_msgs_s__rosidl_typesupport_introspection_c.cpython-310-x86_64-linux-gnu.so
[6.432s] -- Installing: /home/swati/Motion_Planning/MP_for_AV/src/MP_for_AV/install/vd_msgs/local/lib/python3.10/dist-packages/vd_msgs/_vd_msgs_s.ep.rosidl_typesupport_fastrtps_c.c
[6.432s] -- Installing: /home/swati/Motion_Planning/MP_for_AV/src/MP_for_AV/install/vd_msgs/local/lib/python3.10/dist-packages/vd_msgs/srv
[6.432s] -- Installing: /home/swati/Motion_Planning/MP_for_AV/src/MP_for_AV/install/vd_msgs/local/lib/python3.10/dist-packages/vd_msgs/srv/_planner_srv_s.c
[6.434s] -- Installing: /home/swati/Motion_Planning/MP_for_AV/src/MP_for_AV/install/vd_msgs/local/lib/python3.10/dist-packages/vd_msgs/srv/__init__.py
[6.435s] -- Installing: /home/swati/Motion_Planning/MP_for_AV/src/MP_for_AV/install/vd_msgs/local/lib/python3.10/dist-packages/vd_msgs/srv/_planner_srv.py
[6.436s] -- Installing: /home/swati/Motion_Planning/MP_for_AV/src/MP_for_AV/install/vd_msgs/local/lib/python3.10/dist-packages/vd_msgs/vd_msgs_s__rosidl_typesupport_c.cpython-310-x86_64-linux-gnu.so
[6.438s] -- Installing: /home/swati/Motion_Planning/MP_for_AV/src/MP_for_AV/install/vd_msgs/local/lib/python3.10/dist-packages/vd_msgs/__init__.py
[6.438s] -- Installing: /home/swati/Motion_Planning/MP_for_AV/src/MP_for_AV/install/vd_msgs/local/lib/python3.10/dist-packages/vd_msgs/msg
[6.438s] -- Installing: /home/swati/Motion_Planning/MP_for_AV/src/MP_for_AV/install/vd_msgs/local/lib/python3.10/dist-packages/vd_msgs/msg/_v_dstate.py
[6.438s] -- Installing: /home/swati/Motion_Planning/MP_for_AV/src/MP_for_AV/install/vd_msgs/local/lib/python3.10/dist-packages/vd_msgs/msg/_vd_info_s.c
[6.438s] -- Installing: /home/swati/Motion_Planning/MP_for_AV/src/MP_for_AV/install/vd_msgs/local/lib/python3.10/dist-packages/vd_msgs/msg/_vd_list.py
[6.438s] -- Installing: /home/swati/Motion_Planning/MP_for_AV/src/MP_for_AV/install/vd_msgs/local/lib/python3.10/dist-packages/vd_msgs/msg/_vd_info.py
[6.441s] -- Installing: /home/swati/Motion_Planning/MP_for_AV/src/MP_for_AV/install/vd_msgs/local/lib/python3.10/dist-packages/vd_msgs/msg/_v_dpose.py
[6.441s] -- Installing: /home/swati/Motion_Planning/MP_for_AV/src/MP_for_AV/install/vd_msgs/local/lib/python3.10/dist-packages/vd_msgs/msg/_vd_path.py
[6.441s] -- Installing: /home/swati/Motion_Planning/MP_for_AV/src/MP_for_AV/install/vd_msgs/local/lib/python3.10/dist-packages/vd_msgs/msg/_v_dpose_s.c
[6.441s] -- Installing: /home/swati/Motion_Planning/MP_for_AV/src/MP_for_AV/install/vd_msgs/local/lib/python3.10/dist-packages/vd_msgs/msg/__init__.py
[6.441s] -- Installing: /home/swati/Motion_Planning/MP_for_AV/src/MP_for_AV/install/vd_msgs/local/lib/python3.10/dist-packages/vd_msgs/msg/_vd_list_s.c
[6.441s] -- Installing: /home/swati/Motion_Planning/MP_for_AV/src/MP_for_AV/install/vd_msgs/local/lib/python3.10/dist-packages/vd_msgs/msg/_vd_control_cmd_s.c
[6.441s] -- Installing: /home/swati/Motion_Planning/MP_for_AV/src/MP_for_AV/install/vd_msgs/local/lib/python3.10/dist-packages/vd_msgs/msg/_vd_control_cmd.py
[6.441s] -- Installing: /home/swati/Motion_Planning/MP_for_AV/src/MP_for_AV/install/vd_msgs/local/lib/python3.10/dist-packages/vd_msgs/msg/_v_dtraj.py
[6.442s] -- Installing: /home/swati/Motion_Planning/MP_for_AV/src/MP_for_AV/install/vd_msgs/local/lib/python3.10/dist-packages/vd_msgs/msg/_v_dtraj_s.c
[6.442s] -- Installing: /home/swati/Motion_Planning/MP_for_AV/src/MP_for_AV/install/vd_msgs/local/lib/python3.10/dist-packages/vd_msgs/msg/_v_dstate_s.c
[6.442s] -- Installing: /home/swati/Motion_Planning/MP_for_AV/src/MP_for_AV/install/vd_msgs/local/lib/python3.10/dist-packages/vd_msgs/msg/_vd_path_s.c
[6.442s] -- Installing: /home/swati/Motion_Planning/MP_for_AV/src/MP_for_AV/install/vd_msgs/local/lib/python3.10/dist-packages/vd_msgs/vd_msgs_s__rosidl_typesupport_fastrtps_c.cpython-310-x86_64-linux-gnu.so
[6.444s] -- Installing: /home/swati/Motion_Planning/MP_for_AV/src/MP_for_AV/install/vd_msgs/local/lib/python3.10/dist-packages/vd_msgs/libvd_msgs__rosidl_generator_py.so
[6.449s] -- Installing: /home/swati/Motion_Planning/MP_for_AV/src/MP_for_AV/install/vd_msgs/local/lib/python3.10/dist-packages/vd_msgs/_vd_msgs_s.ep.rosidl_typesupport_c.c
[6.514s] Listing '/home/swati/Motion_Planning/MP_for_AV/src/MP_for_AV/install/vd_msgs/local/lib/python3.10/dist-packages/vd_msgs'...
[6.514s] Compiling '/home/swati/Motion_Planning/MP_for_AV/src/MP_for_AV/install/vd_msgs/local/lib/python3.10/dist-packages/vd_msgs/__init__.py'...
[6.514s] Listing '/home/swati/Motion_Planning/MP_for_AV/src/MP_for_AV/install/vd_msgs/local/lib/python3.10/dist-packages/vd_msgs/msg'...
[6.514s] Compiling '/home/swati/Motion_Planning/MP_for_AV/src/MP_for_AV/install/vd_msgs/local/lib/python3.10/dist-packages/vd_msgs/msg/__init__.py'...
[6.514s] Compiling '/home/swati/Motion_Planning/MP_for_AV/src/MP_for_AV/install/vd_msgs/local/lib/python3.10/dist-packages/vd_msgs/msg/_v_dpose.py'...
[6.514s] Compiling '/home/swati/Motion_Planning/MP_for_AV/src/MP_for_AV/install/vd_msgs/local/lib/python3.10/dist-packages/vd_msgs/msg/_v_dstate.py'...
[6.514s] Compiling '/home/swati/Motion_Planning/MP_for_AV/src/MP_for_AV/install/vd_msgs/local/lib/python3.10/dist-packages/vd_msgs/msg/_v_dtraj.py'...
[6.514s] Compiling '/home/swati/Motion_Planning/MP_for_AV/src/MP_for_AV/install/vd_msgs/local/lib/python3.10/dist-packages/vd_msgs/msg/_vd_control_cmd.py'...
[6.514s] Compiling '/home/swati/Motion_Planning/MP_for_AV/src/MP_for_AV/install/vd_msgs/local/lib/python3.10/dist-packages/vd_msgs/msg/_vd_info.py'...
[6.514s] Compiling '/home/swati/Motion_Planning/MP_for_AV/src/MP_for_AV/install/vd_msgs/local/lib/python3.10/dist-packages/vd_msgs/msg/_vd_list.py'...
[6.514s] Compiling '/home/swati/Motion_Planning/MP_for_AV/src/MP_for_AV/install/vd_msgs/local/lib/python3.10/dist-packages/vd_msgs/msg/_vd_path.py'...
[6.514s] Listing '/home/swati/Motion_Planning/MP_for_AV/src/MP_for_AV/install/vd_msgs/local/lib/python3.10/dist-packages/vd_msgs/srv'...
[6.514s] Compiling '/home/swati/Motion_Planning/MP_for_AV/src/MP_for_AV/install/vd_msgs/local/lib/python3.10/dist-packages/vd_msgs/srv/__init__.py'...
[6.514s] Compiling '/home/swati/Motion_Planning/MP_for_AV/src/MP_for_AV/install/vd_msgs/local/lib/python3.10/dist-packages/vd_msgs/srv/_planner_srv.py'...
[6.523s] -- Installing: /home/swati/Motion_Planning/MP_for_AV/src/MP_for_AV/install/vd_msgs/local/lib/python3.10/dist-packages/vd_msgs/vd_msgs_s__rosidl_typesupport_fastrtps_c.cpython-310-x86_64-linux-gnu.so
[6.523s] -- Set non-toolchain portion of runtime path of "/home/swati/Motion_Planning/MP_for_AV/src/MP_for_AV/install/vd_msgs/local/lib/python3.10/dist-packages/vd_msgs/vd_msgs_s__rosidl_typesupport_fastrtps_c.cpython-310-x86_64-linux-gnu.so" to ""
[6.523s] -- Installing: /home/swati/Motion_Planning/MP_for_AV/src/MP_for_AV/install/vd_msgs/local/lib/python3.10/dist-packages/vd_msgs/vd_msgs_s__rosidl_typesupport_introspection_c.cpython-310-x86_64-linux-gnu.so
[6.523s] -- Set non-toolchain portion of runtime path of "/home/swati/Motion_Planning/MP_for_AV/src/MP_for_AV/install/vd_msgs/local/lib/python3.10/dist-packages/vd_msgs/vd_msgs_s__rosidl_typesupport_introspection_c.cpython-310-x86_64-linux-gnu.so" to ""
[6.529s] -- Installing: /home/swati/Motion_Planning/MP_for_AV/src/MP_for_AV/install/vd_msgs/local/lib/python3.10/dist-packages/vd_msgs/vd_msgs_s__rosidl_typesupport_c.cpython-310-x86_64-linux-gnu.so
[6.529s] -- Set non-toolchain portion of runtime path of "/home/swati/Motion_Planning/MP_for_AV/src/MP_for_AV/install/vd_msgs/local/lib/python3.10/dist-packages/vd_msgs/vd_msgs_s__rosidl_typesupport_c.cpython-310-x86_64-linux-gnu.so" to ""
[6.530s] -- Installing: /home/swati/Motion_Planning/MP_for_AV/src/MP_for_AV/install/vd_msgs/lib/libvd_msgs__rosidl_generator_py.so
[6.530s] -- Set non-toolchain portion of runtime path of "/home/swati/Motion_Planning/MP_for_AV/src/MP_for_AV/install/vd_msgs/lib/libvd_msgs__rosidl_generator_py.so" to ""
[6.530s] -- Installing: /home/swati/Motion_Planning/MP_for_AV/src/MP_for_AV/install/vd_msgs/share/vd_msgs/msg/VDpose.idl
[6.530s] -- Installing: /home/swati/Motion_Planning/MP_for_AV/src/MP_for_AV/install/vd_msgs/share/vd_msgs/msg/VDstate.idl
[6.531s] -- Installing: /home/swati/Motion_Planning/MP_for_AV/src/MP_for_AV/install/vd_msgs/share/vd_msgs/msg/VDtraj.idl
[6.532s] -- Installing: /home/swati/Motion_Planning/MP_for_AV/src/MP_for_AV/install/vd_msgs/share/vd_msgs/msg/VDControlCMD.idl
[6.532s] -- Installing: /home/swati/Motion_Planning/MP_for_AV/src/MP_for_AV/install/vd_msgs/share/vd_msgs/msg/VDPath.idl
[6.532s] -- Installing: /home/swati/Motion_Planning/MP_for_AV/src/MP_for_AV/install/vd_msgs/share/vd_msgs/srv/PlannerSrv.idl
[6.532s] -- Installing: /home/swati/Motion_Planning/MP_for_AV/src/MP_for_AV/install/vd_msgs/share/vd_msgs/msg/VDInfo.idl
[6.532s] -- Installing: /home/swati/Motion_Planning/MP_for_AV/src/MP_for_AV/install/vd_msgs/share/vd_msgs/msg/VDList.idl
[6.532s] -- Installing: /home/swati/Motion_Planning/MP_for_AV/src/MP_for_AV/install/vd_msgs/share/vd_msgs/msg/VDpose.msg
[6.532s] -- Installing: /home/swati/Motion_Planning/MP_for_AV/src/MP_for_AV/install/vd_msgs/share/vd_msgs/msg/VDstate.msg
[6.532s] -- Installing: /home/swati/Motion_Planning/MP_for_AV/src/MP_for_AV/install/vd_msgs/share/vd_msgs/msg/VDtraj.msg
[6.533s] -- Installing: /home/swati/Motion_Planning/MP_for_AV/src/MP_for_AV/install/vd_msgs/share/vd_msgs/msg/VDControlCMD.msg
[6.533s] -- Installing: /home/swati/Motion_Planning/MP_for_AV/src/MP_for_AV/install/vd_msgs/share/vd_msgs/msg/VDPath.msg
[6.533s] -- Installing: /home/swati/Motion_Planning/MP_for_AV/src/MP_for_AV/install/vd_msgs/share/vd_msgs/srv/PlannerSrv.srv
[6.533s] -- Installing: /home/swati/Motion_Planning/MP_for_AV/src/MP_for_AV/install/vd_msgs/share/vd_msgs/srv/PlannerSrv_Request.msg
[6.533s] -- Installing: /home/swati/Motion_Planning/MP_for_AV/src/MP_for_AV/install/vd_msgs/share/vd_msgs/srv/PlannerSrv_Response.msg
[6.538s] -- Installing: /home/swati/Motion_Planning/MP_for_AV/src/MP_for_AV/install/vd_msgs/share/vd_msgs/msg/VDInfo.msg
[6.538s] -- Installing: /home/swati/Motion_Planning/MP_for_AV/src/MP_for_AV/install/vd_msgs/share/vd_msgs/msg/VDList.msg
[6.538s] -- Installing: /home/swati/Motion_Planning/MP_for_AV/src/MP_for_AV/install/vd_msgs/share/ament_index/resource_index/package_run_dependencies/vd_msgs
[6.538s] -- Installing: /home/swati/Motion_Planning/MP_for_AV/src/MP_for_AV/install/vd_msgs/share/ament_index/resource_index/parent_prefix_path/vd_msgs
[6.538s] -- Installing: /home/swati/Motion_Planning/MP_for_AV/src/MP_for_AV/install/vd_msgs/share/vd_msgs/environment/ament_prefix_path.sh
[6.538s] -- Installing: /home/swati/Motion_Planning/MP_for_AV/src/MP_for_AV/install/vd_msgs/share/vd_msgs/environment/ament_prefix_path.dsv
[6.538s] -- Installing: /home/swati/Motion_Planning/MP_for_AV/src/MP_for_AV/install/vd_msgs/share/vd_msgs/environment/path.sh
[6.539s] -- Installing: /home/swati/Motion_Planning/MP_for_AV/src/MP_for_AV/install/vd_msgs/share/vd_msgs/environment/path.dsv
[6.539s] -- Installing: /home/swati/Motion_Planning/MP_for_AV/src/MP_for_AV/install/vd_msgs/share/vd_msgs/local_setup.bash
[6.539s] -- Installing: /home/swati/Motion_Planning/MP_for_AV/src/MP_for_AV/install/vd_msgs/share/vd_msgs/local_setup.sh
[6.539s] -- Installing: /home/swati/Motion_Planning/MP_for_AV/src/MP_for_AV/install/vd_msgs/share/vd_msgs/local_setup.zsh
[6.540s] -- Installing: /home/swati/Motion_Planning/MP_for_AV/src/MP_for_AV/install/vd_msgs/share/vd_msgs/local_setup.dsv
[6.540s] -- Installing: /home/swati/Motion_Planning/MP_for_AV/src/MP_for_AV/install/vd_msgs/share/vd_msgs/package.dsv
[6.540s] -- Installing: /home/swati/Motion_Planning/MP_for_AV/src/MP_for_AV/install/vd_msgs/share/ament_index/resource_index/packages/vd_msgs
[6.540s] -- Installing: /home/swati/Motion_Planning/MP_for_AV/src/MP_for_AV/install/vd_msgs/share/vd_msgs/cmake/export_vd_msgs__rosidl_generator_cExport.cmake
[6.540s] -- Installing: /home/swati/Motion_Planning/MP_for_AV/src/MP_for_AV/install/vd_msgs/share/vd_msgs/cmake/export_vd_msgs__rosidl_generator_cExport-noconfig.cmake
[6.540s] -- Installing: /home/swati/Motion_Planning/MP_for_AV/src/MP_for_AV/install/vd_msgs/share/vd_msgs/cmake/export_vd_msgs__rosidl_typesupport_fastrtps_cExport.cmake
[6.543s] -- Installing: /home/swati/Motion_Planning/MP_for_AV/src/MP_for_AV/install/vd_msgs/share/vd_msgs/cmake/export_vd_msgs__rosidl_typesupport_fastrtps_cExport-noconfig.cmake
[6.543s] -- Installing: /home/swati/Motion_Planning/MP_for_AV/src/MP_for_AV/install/vd_msgs/share/vd_msgs/cmake/export_vd_msgs__rosidl_generator_cppExport.cmake
[6.543s] -- Installing: /home/swati/Motion_Planning/MP_for_AV/src/MP_for_AV/install/vd_msgs/share/vd_msgs/cmake/export_vd_msgs__rosidl_typesupport_fastrtps_cppExport.cmake
[6.543s] -- Installing: /home/swati/Motion_Planning/MP_for_AV/src/MP_for_AV/install/vd_msgs/share/vd_msgs/cmake/export_vd_msgs__rosidl_typesupport_fastrtps_cppExport-noconfig.cmake
[6.543s] -- Installing: /home/swati/Motion_Planning/MP_for_AV/src/MP_for_AV/install/vd_msgs/share/vd_msgs/cmake/vd_msgs__rosidl_typesupport_introspection_cExport.cmake
[6.543s] -- Installing: /home/swati/Motion_Planning/MP_for_AV/src/MP_for_AV/install/vd_msgs/share/vd_msgs/cmake/vd_msgs__rosidl_typesupport_introspection_cExport-noconfig.cmake
[6.543s] -- Installing: /home/swati/Motion_Planning/MP_for_AV/src/MP_for_AV/install/vd_msgs/share/vd_msgs/cmake/vd_msgs__rosidl_typesupport_cExport.cmake
[6.543s] -- Installing: /home/swati/Motion_Planning/MP_for_AV/src/MP_for_AV/install/vd_msgs/share/vd_msgs/cmake/vd_msgs__rosidl_typesupport_cExport-noconfig.cmake
[6.546s] -- Installing: /home/swati/Motion_Planning/MP_for_AV/src/MP_for_AV/install/vd_msgs/share/vd_msgs/cmake/vd_msgs__rosidl_typesupport_introspection_cppExport.cmake
[6.546s] -- Installing: /home/swati/Motion_Planning/MP_for_AV/src/MP_for_AV/install/vd_msgs/share/vd_msgs/cmake/vd_msgs__rosidl_typesupport_introspection_cppExport-noconfig.cmake
[6.547s] -- Installing: /home/swati/Motion_Planning/MP_for_AV/src/MP_for_AV/install/vd_msgs/share/vd_msgs/cmake/vd_msgs__rosidl_typesupport_cppExport.cmake
[6.547s] -- Installing: /home/swati/Motion_Planning/MP_for_AV/src/MP_for_AV/install/vd_msgs/share/vd_msgs/cmake/vd_msgs__rosidl_typesupport_cppExport-noconfig.cmake
[6.547s] -- Installing: /home/swati/Motion_Planning/MP_for_AV/src/MP_for_AV/install/vd_msgs/share/vd_msgs/cmake/export_vd_msgs__rosidl_generator_pyExport.cmake
[6.547s] -- Installing: /home/swati/Motion_Planning/MP_for_AV/src/MP_for_AV/install/vd_msgs/share/vd_msgs/cmake/export_vd_msgs__rosidl_generator_pyExport-noconfig.cmake
[6.551s] -- Installing: /home/swati/Motion_Planning/MP_for_AV/src/MP_for_AV/install/vd_msgs/share/vd_msgs/cmake/rosidl_cmake-extras.cmake
[6.551s] -- Installing: /home/swati/Motion_Planning/MP_for_AV/src/MP_for_AV/install/vd_msgs/share/vd_msgs/cmake/ament_cmake_export_dependencies-extras.cmake
[6.551s] -- Installing: /home/swati/Motion_Planning/MP_for_AV/src/MP_for_AV/install/vd_msgs/share/vd_msgs/cmake/ament_cmake_export_include_directories-extras.cmake
[6.551s] -- Installing: /home/swati/Motion_Planning/MP_for_AV/src/MP_for_AV/install/vd_msgs/share/vd_msgs/cmake/ament_cmake_export_libraries-extras.cmake
[6.552s] -- Installing: /home/swati/Motion_Planning/MP_for_AV/src/MP_for_AV/install/vd_msgs/share/vd_msgs/cmake/ament_cmake_export_targets-extras.cmake
[6.552s] -- Installing: /home/swati/Motion_Planning/MP_for_AV/src/MP_for_AV/install/vd_msgs/share/vd_msgs/cmake/rosidl_cmake_export_typesupport_targets-extras.cmake
[6.552s] -- Installing: /home/swati/Motion_Planning/MP_for_AV/src/MP_for_AV/install/vd_msgs/share/vd_msgs/cmake/rosidl_cmake_export_typesupport_libraries-extras.cmake
[6.552s] -- Installing: /home/swati/Motion_Planning/MP_for_AV/src/MP_for_AV/install/vd_msgs/share/vd_msgs/cmake/vd_msgsConfig.cmake
[6.552s] -- Installing: /home/swati/Motion_Planning/MP_for_AV/src/MP_for_AV/install/vd_msgs/share/vd_msgs/cmake/vd_msgsConfig-version.cmake
[6.552s] -- Installing: /home/swati/Motion_Planning/MP_for_AV/src/MP_for_AV/install/vd_msgs/share/vd_msgs/package.xml
[6.558s] Invoked command in '/home/swati/Motion_Planning/MP_for_AV/src/MP_for_AV/build/vd_msgs' returned '0': CMAKE_PREFIX_PATH=${CMAKE_PREFIX_PATH}:/home/swati/Motion_Planning/MP_for_AV/install/vd_global_planner:/home/swati/Motion_Planning/MP_for_AV/install/vd_data_saver:/home/swati/Motion_Planning/MP_for_AV/install/vd_config:/home/swati/Motion_Planning/MP_for_AV/install/vd_cmd_sender:/opt/ros/humble /opt/cmake-3.28.3-linux-x86_64/bin/cmake --install /home/swati/Motion_Planning/MP_for_AV/src/MP_for_AV/build/vd_msgs
