running egg_info
creating ../build/vd_config/vd_config.egg-info
writing ../build/vd_config/vd_config.egg-info/PKG-INFO
writing dependency_links to ../build/vd_config/vd_config.egg-info/dependency_links.txt
writing requirements to ../build/vd_config/vd_config.egg-info/requires.txt
writing top-level names to ../build/vd_config/vd_config.egg-info/top_level.txt
writing manifest file '../build/vd_config/vd_config.egg-info/SOURCES.txt'
reading manifest file '../build/vd_config/vd_config.egg-info/SOURCES.txt'
adding license file 'LICENSE'
writing manifest file '../build/vd_config/vd_config.egg-info/SOURCES.txt'
running build
running build_py
creating /home/swati/Motion_Planning/MP_for_AV/src/MP_for_AV/build/vd_config/build/lib/vd_config
copying vd_config/read_param.py -> /home/swati/Motion_Planning/MP_for_AV/src/MP_for_AV/build/vd_config/build/lib/vd_config
copying vd_config/__init__.py -> /home/swati/Motion_Planning/MP_for_AV/src/MP_for_AV/build/vd_config/build/lib/vd_config
running install
running install_lib
creating /home/swati/Motion_Planning/MP_for_AV/src/MP_for_AV/install/vd_config/lib/python3.10/site-packages/vd_config
copying /home/swati/Motion_Planning/MP_for_AV/src/MP_for_AV/build/vd_config/build/lib/vd_config/read_param.py -> /home/swati/Motion_Planning/MP_for_AV/src/MP_for_AV/install/vd_config/lib/python3.10/site-packages/vd_config
copying /home/swati/Motion_Planning/MP_for_AV/src/MP_for_AV/build/vd_config/build/lib/vd_config/__init__.py -> /home/swati/Motion_Planning/MP_for_AV/src/MP_for_AV/install/vd_config/lib/python3.10/site-packages/vd_config
byte-compiling /home/swati/Motion_Planning/MP_for_AV/src/MP_for_AV/install/vd_config/lib/python3.10/site-packages/vd_config/read_param.py to read_param.cpython-310.pyc
byte-compiling /home/swati/Motion_Planning/MP_for_AV/src/MP_for_AV/install/vd_config/lib/python3.10/site-packages/vd_config/__init__.py to __init__.cpython-310.pyc
running install_data
creating /home/swati/Motion_Planning/MP_for_AV/src/MP_for_AV/install/vd_config/share/ament_index/resource_index/packages
copying resource/vd_config -> /home/swati/Motion_Planning/MP_for_AV/src/MP_for_AV/install/vd_config/share/ament_index/resource_index/packages
copying package.xml -> /home/swati/Motion_Planning/MP_for_AV/src/MP_for_AV/install/vd_config/share/vd_config
creating /home/swati/Motion_Planning/MP_for_AV/src/MP_for_AV/install/vd_config/share/vd_config/config
copying config/main_config.yaml -> /home/swati/Motion_Planning/MP_for_AV/src/MP_for_AV/install/vd_config/share/vd_config/config
copying config/planner_config.yaml -> /home/swati/Motion_Planning/MP_for_AV/src/MP_for_AV/install/vd_config/share/vd_config/config
copying config/controller_param.yaml -> /home/swati/Motion_Planning/MP_for_AV/src/MP_for_AV/install/vd_config/share/vd_config/config
copying config/vd_param.yaml -> /home/swati/Motion_Planning/MP_for_AV/src/MP_for_AV/install/vd_config/share/vd_config/config
running install_egg_info
Copying ../build/vd_config/vd_config.egg-info to /home/swati/Motion_Planning/MP_for_AV/src/MP_for_AV/install/vd_config/lib/python3.10/site-packages/vd_config-0.0.0-py3.10.egg-info
running install_scripts
writing list of installed files to '/home/swati/Motion_Planning/MP_for_AV/src/MP_for_AV/build/vd_config/install.log'
