[1.181s] Invoking command in '/home/swati/Motion_Planning/MP_for_AV/src/MP_for_AV/vd_config': PYTHONPATH=/home/swati/Motion_Planning/MP_for_AV/src/MP_for_AV/build/vd_config/prefix_override:/usr/lib/python3/dist-packages/colcon_core/task/python/colcon_distutils_commands:/home/swati/Motion_Planning/MP_for_AV/src/MP_for_AV/install/vd_config/lib/python3.10/site-packages:${PYTHONPATH} /usr/bin/python3 -W ignore:setup.py install is deprecated setup.py egg_info --egg-base ../build/vd_config build --build-base /home/swati/Motion_Planning/MP_for_AV/src/MP_for_AV/build/vd_config/build install --record /home/swati/Motion_Planning/MP_for_AV/src/MP_for_AV/build/vd_config/install.log --single-version-externally-managed install_data
[1.293s] /home/swati/.local/lib/python3.10/site-packages/setuptools/_distutils/dist.py:261: UserWarning: Unknown distribution option: 'tests_require'
[1.293s]   warnings.warn(msg)
[1.375s] running egg_info
[1.386s] creating ../build/vd_config/vd_config.egg-info
[1.386s] writing ../build/vd_config/vd_config.egg-info/PKG-INFO
[1.386s] writing dependency_links to ../build/vd_config/vd_config.egg-info/dependency_links.txt
[1.386s] writing requirements to ../build/vd_config/vd_config.egg-info/requires.txt
[1.386s] writing top-level names to ../build/vd_config/vd_config.egg-info/top_level.txt
[1.387s] writing manifest file '../build/vd_config/vd_config.egg-info/SOURCES.txt'
[1.420s] reading manifest file '../build/vd_config/vd_config.egg-info/SOURCES.txt'
[1.420s] adding license file 'LICENSE'
[1.420s] writing manifest file '../build/vd_config/vd_config.egg-info/SOURCES.txt'
[1.420s] running build
[1.420s] running build_py
[1.421s] creating /home/swati/Motion_Planning/MP_for_AV/src/MP_for_AV/build/vd_config/build/lib/vd_config
[1.421s] copying vd_config/read_param.py -> /home/swati/Motion_Planning/MP_for_AV/src/MP_for_AV/build/vd_config/build/lib/vd_config
[1.421s] copying vd_config/__init__.py -> /home/swati/Motion_Planning/MP_for_AV/src/MP_for_AV/build/vd_config/build/lib/vd_config
[1.421s] running install
[1.424s] running install_lib
[1.435s] creating /home/swati/Motion_Planning/MP_for_AV/src/MP_for_AV/install/vd_config/lib/python3.10/site-packages/vd_config
[1.435s] copying /home/swati/Motion_Planning/MP_for_AV/src/MP_for_AV/build/vd_config/build/lib/vd_config/read_param.py -> /home/swati/Motion_Planning/MP_for_AV/src/MP_for_AV/install/vd_config/lib/python3.10/site-packages/vd_config
[1.435s] copying /home/swati/Motion_Planning/MP_for_AV/src/MP_for_AV/build/vd_config/build/lib/vd_config/__init__.py -> /home/swati/Motion_Planning/MP_for_AV/src/MP_for_AV/install/vd_config/lib/python3.10/site-packages/vd_config
[1.435s] byte-compiling /home/swati/Motion_Planning/MP_for_AV/src/MP_for_AV/install/vd_config/lib/python3.10/site-packages/vd_config/read_param.py to read_param.cpython-310.pyc
[1.436s] byte-compiling /home/swati/Motion_Planning/MP_for_AV/src/MP_for_AV/install/vd_config/lib/python3.10/site-packages/vd_config/__init__.py to __init__.cpython-310.pyc
[1.436s] running install_data
[1.436s] creating /home/swati/Motion_Planning/MP_for_AV/src/MP_for_AV/install/vd_config/share/ament_index/resource_index/packages
[1.436s] copying resource/vd_config -> /home/swati/Motion_Planning/MP_for_AV/src/MP_for_AV/install/vd_config/share/ament_index/resource_index/packages
[1.437s] copying package.xml -> /home/swati/Motion_Planning/MP_for_AV/src/MP_for_AV/install/vd_config/share/vd_config
[1.437s] creating /home/swati/Motion_Planning/MP_for_AV/src/MP_for_AV/install/vd_config/share/vd_config/config
[1.437s] copying config/main_config.yaml -> /home/swati/Motion_Planning/MP_for_AV/src/MP_for_AV/install/vd_config/share/vd_config/config
[1.437s] copying config/planner_config.yaml -> /home/swati/Motion_Planning/MP_for_AV/src/MP_for_AV/install/vd_config/share/vd_config/config
[1.437s] copying config/controller_param.yaml -> /home/swati/Motion_Planning/MP_for_AV/src/MP_for_AV/install/vd_config/share/vd_config/config
[1.437s] copying config/vd_param.yaml -> /home/swati/Motion_Planning/MP_for_AV/src/MP_for_AV/install/vd_config/share/vd_config/config
[1.437s] running install_egg_info
[1.449s] Copying ../build/vd_config/vd_config.egg-info to /home/swati/Motion_Planning/MP_for_AV/src/MP_for_AV/install/vd_config/lib/python3.10/site-packages/vd_config-0.0.0-py3.10.egg-info
[1.449s] running install_scripts
[1.538s] writing list of installed files to '/home/swati/Motion_Planning/MP_for_AV/src/MP_for_AV/build/vd_config/install.log'
[1.564s] Invoked command in '/home/swati/Motion_Planning/MP_for_AV/src/MP_for_AV/vd_config' returned '0': PYTHONPATH=/home/swati/Motion_Planning/MP_for_AV/src/MP_for_AV/build/vd_config/prefix_override:/usr/lib/python3/dist-packages/colcon_core/task/python/colcon_distutils_commands:/home/swati/Motion_Planning/MP_for_AV/src/MP_for_AV/install/vd_config/lib/python3.10/site-packages:${PYTHONPATH} /usr/bin/python3 -W ignore:setup.py install is deprecated setup.py egg_info --egg-base ../build/vd_config build --build-base /home/swati/Motion_Planning/MP_for_AV/src/MP_for_AV/build/vd_config/build install --record /home/swati/Motion_Planning/MP_for_AV/src/MP_for_AV/build/vd_config/install.log --single-version-externally-managed install_data
