-- The C compiler identification is GNU 11.4.0
-- The CXX compiler identification is GNU 11.4.0
-- Detecting C compiler ABI info
-- Detecting C compiler ABI info - done
-- Check for working C compiler: /usr/bin/cc - skipped
-- Detecting C compile features
-- Detecting C compile features - done
-- Detecting CXX compiler ABI info
-- Detecting CXX compiler ABI info - done
-- Check for working CXX compiler: /usr/bin/c++ - skipped
-- Detecting CXX compile features
-- Detecting CXX compile features - done
-- Found ament_cmake: 1.3.10 (/opt/ros/humble/share/ament_cmake/cmake)
-- Found Python3: /usr/bin/python3 (found version "3.10.12") found components: Interpreter 
-- Found rclcpp: 16.0.10 (/opt/ros/humble/share/rclcpp/cmake)
-- Found rosidl_generator_c: 3.1.5 (/opt/ros/humble/share/rosidl_generator_c/cmake)
-- Found rosidl_adapter: 3.1.5 (/opt/ros/humble/share/rosidl_adapter/cmake)
-- Found rosidl_generator_cpp: 3.1.5 (/opt/ros/humble/share/rosidl_generator_cpp/cmake)
-- Using all available rosidl_typesupport_c: rosidl_typesupport_fastrtps_c;rosidl_typesupport_introspection_c
-- Using all available rosidl_typesupport_cpp: rosidl_typesupport_fastrtps_cpp;rosidl_typesupport_introspection_cpp
-- Found rmw_implementation_cmake: 6.1.2 (/opt/ros/humble/share/rmw_implementation_cmake/cmake)
-- Found rmw_fastrtps_cpp: 6.2.7 (/opt/ros/humble/share/rmw_fastrtps_cpp/cmake)
-- Found OpenSSL: /usr/lib/x86_64-linux-gnu/libcrypto.so (found version "3.0.2")  
-- Found FastRTPS: /opt/ros/humble/include  
-- Using RMW implementation 'rmw_fastrtps_cpp' as default
-- Performing Test CMAKE_HAVE_LIBC_PTHREAD
-- Performing Test CMAKE_HAVE_LIBC_PTHREAD - Success
-- Found Threads: TRUE  
-- Found geometry_msgs: 4.2.4 (/opt/ros/humble/share/geometry_msgs/cmake)
-- Found nav_msgs: 4.2.4 (/opt/ros/humble/share/nav_msgs/cmake)
-- Found sensor_msgs: 4.2.4 (/opt/ros/humble/share/sensor_msgs/cmake)
-- Found tf2: 0.25.8 (/opt/ros/humble/share/tf2/cmake)
-- Found tf2_ros: 0.25.8 (/opt/ros/humble/share/tf2_ros/cmake)
-- Found carla_msgs: 1.3.0 (/home/swati/Motion_Planning/MP_for_AV/src/MP_for_AV/install/carla_msgs/share/carla_msgs/cmake)
-- Found vd_msgs: 0.0.0 (/home/swati/Motion_Planning/MP_for_AV/src/MP_for_AV/install/vd_msgs/share/vd_msgs/cmake)
-- Found ament_lint_auto: 0.12.11 (/opt/ros/humble/share/ament_lint_auto/cmake)
-- Added test 'cppcheck' to perform static code analysis on C / C++ code
-- Configured cppcheck include dirs: /home/swati/Motion_Planning/MP_for_AV/src/MP_for_AV/vd_local_planner/include;/home/swati/Motion_Planning/MP_for_AV/src/MP_for_AV/vd_local_planner/scripts/c_generated_code
-- Configured cppcheck exclude dirs and/or files: 
-- Added test 'flake8' to check Python code syntax and style conventions
-- Added test 'lint_cmake' to check CMake code style
-- Added test 'pep257' to check Python code against some of the docstring style conventions in PEP 257
-- Added test 'uncrustify' to check C / C++ code style
-- Configured uncrustify additional arguments: 
-- Added test 'xmllint' to check XML markup files
-- Configuring done (1.2s)
-- Generating done (0.0s)
-- Build files have been written to: /home/swati/Motion_Planning/MP_for_AV/src/MP_for_AV/build/vd_local_planner
[ 14%] [32mBuilding CXX object CMakeFiles/nmpc_shared_lib.dir/src/nmpc_control_node.cpp.o[0m
[ 28%] [32mBuilding CXX object CMakeFiles/nmpc_shared_lib.dir/src/wrapper.cpp.o[0m
[ 42%] [32mBuilding CXX object CMakeFiles/nmpc_shared_lib.dir/src/nmpc_control.cpp.o[0m
[ 57%] [32mBuilding CXX object CMakeFiles/nmpc_shared_lib.dir/src/cbf_solver.cpp.o[0m
[ 71%] [32m[1mLinking CXX shared library libnmpc_shared_lib.so[0m
[ 71%] Built target nmpc_shared_lib
[ 85%] [32mBuilding CXX object CMakeFiles/vd_nmpc_node.dir/src/nmpc_control_node.cpp.o[0m
[100%] [32m[1mLinking CXX executable vd_nmpc_node[0m
[100%] Built target vd_nmpc_node
-- Install configuration: ""
-- Installing: /home/swati/Motion_Planning/MP_for_AV/src/MP_for_AV/install/vd_local_planner/lib/libacados_ocp_solver_ackerman_model.so
-- Installing: /home/swati/Motion_Planning/MP_for_AV/src/MP_for_AV/install/vd_local_planner/lib/libcbf_solver.so
-- Installing: /home/swati/Motion_Planning/MP_for_AV/src/MP_for_AV/install/vd_local_planner/share/vd_local_planner/environment/library_path.sh
-- Installing: /home/swati/Motion_Planning/MP_for_AV/src/MP_for_AV/install/vd_local_planner/share/vd_local_planner/environment/library_path.dsv
-- Installing: /home/swati/Motion_Planning/MP_for_AV/src/MP_for_AV/install/vd_local_planner/lib/vd_local_planner/vd_nmpc_node
-- Set non-toolchain portion of runtime path of "/home/swati/Motion_Planning/MP_for_AV/src/MP_for_AV/install/vd_local_planner/lib/vd_local_planner/vd_nmpc_node" to ""
-- Installing: /home/swati/Motion_Planning/MP_for_AV/src/MP_for_AV/install/vd_local_planner/lib/libnmpc_shared_lib.so
-- Set non-toolchain portion of runtime path of "/home/swati/Motion_Planning/MP_for_AV/src/MP_for_AV/install/vd_local_planner/lib/libnmpc_shared_lib.so" to ""
-- Installing: /home/swati/Motion_Planning/MP_for_AV/src/MP_for_AV/install/vd_local_planner/include/
-- Installing: /home/swati/Motion_Planning/MP_for_AV/src/MP_for_AV/install/vd_local_planner/include//vd_local_planner
-- Installing: /home/swati/Motion_Planning/MP_for_AV/src/MP_for_AV/install/vd_local_planner/include//vd_local_planner/ackerman_model_model.h
-- Installing: /home/swati/Motion_Planning/MP_for_AV/src/MP_for_AV/install/vd_local_planner/include//vd_local_planner/acados_solver_ackerman_model.h
-- Installing: /home/swati/Motion_Planning/MP_for_AV/src/MP_for_AV/install/vd_local_planner/include//vd_local_planner/polytopes.h
-- Installing: /home/swati/Motion_Planning/MP_for_AV/src/MP_for_AV/install/vd_local_planner/include//vd_local_planner/nmpc_control.h
-- Installing: /home/swati/Motion_Planning/MP_for_AV/src/MP_for_AV/install/vd_local_planner/include//vd_local_planner/ackerman_model_constraints.h
-- Installing: /home/swati/Motion_Planning/MP_for_AV/src/MP_for_AV/install/vd_local_planner/include//vd_local_planner/cbf_solver.h
-- Installing: /home/swati/Motion_Planning/MP_for_AV/src/MP_for_AV/install/vd_local_planner/include//vd_local_planner/wrapper.h
-- Installing: /home/swati/Motion_Planning/MP_for_AV/src/MP_for_AV/install/vd_local_planner/share/ament_index/resource_index/package_run_dependencies/vd_local_planner
-- Installing: /home/swati/Motion_Planning/MP_for_AV/src/MP_for_AV/install/vd_local_planner/share/ament_index/resource_index/parent_prefix_path/vd_local_planner
-- Installing: /home/swati/Motion_Planning/MP_for_AV/src/MP_for_AV/install/vd_local_planner/share/vd_local_planner/environment/ament_prefix_path.sh
-- Installing: /home/swati/Motion_Planning/MP_for_AV/src/MP_for_AV/install/vd_local_planner/share/vd_local_planner/environment/ament_prefix_path.dsv
-- Installing: /home/swati/Motion_Planning/MP_for_AV/src/MP_for_AV/install/vd_local_planner/share/vd_local_planner/environment/path.sh
-- Installing: /home/swati/Motion_Planning/MP_for_AV/src/MP_for_AV/install/vd_local_planner/share/vd_local_planner/environment/path.dsv
-- Installing: /home/swati/Motion_Planning/MP_for_AV/src/MP_for_AV/install/vd_local_planner/share/vd_local_planner/local_setup.bash
-- Installing: /home/swati/Motion_Planning/MP_for_AV/src/MP_for_AV/install/vd_local_planner/share/vd_local_planner/local_setup.sh
-- Installing: /home/swati/Motion_Planning/MP_for_AV/src/MP_for_AV/install/vd_local_planner/share/vd_local_planner/local_setup.zsh
-- Installing: /home/swati/Motion_Planning/MP_for_AV/src/MP_for_AV/install/vd_local_planner/share/vd_local_planner/local_setup.dsv
-- Installing: /home/swati/Motion_Planning/MP_for_AV/src/MP_for_AV/install/vd_local_planner/share/vd_local_planner/package.dsv
-- Installing: /home/swati/Motion_Planning/MP_for_AV/src/MP_for_AV/install/vd_local_planner/share/ament_index/resource_index/packages/vd_local_planner
-- Installing: /home/swati/Motion_Planning/MP_for_AV/src/MP_for_AV/install/vd_local_planner/share/vd_local_planner/cmake/ament_cmake_export_libraries-extras.cmake
-- Installing: /home/swati/Motion_Planning/MP_for_AV/src/MP_for_AV/install/vd_local_planner/share/vd_local_planner/cmake/ament_cmake_export_dependencies-extras.cmake
-- Installing: /home/swati/Motion_Planning/MP_for_AV/src/MP_for_AV/install/vd_local_planner/share/vd_local_planner/cmake/vd_local_plannerConfig.cmake
-- Installing: /home/swati/Motion_Planning/MP_for_AV/src/MP_for_AV/install/vd_local_planner/share/vd_local_planner/cmake/vd_local_plannerConfig-version.cmake
-- Installing: /home/swati/Motion_Planning/MP_for_AV/src/MP_for_AV/install/vd_local_planner/share/vd_local_planner/package.xml
